2024-07-30T07:20:44.728Z [info]:  شروع به کار برنامه
2024-07-30T07:21:48.982Z [info]: start robot :)
2024-07-30T07:23:36.767Z [info]: start robot :)
2024-07-30T07:34:41.473Z [info]: start robot :)
2024-07-30T07:35:01.137Z [info]: start robot :)
2024-07-30T07:36:04.625Z [info]: start robot :)
2024-07-30T07:36:45.179Z [info]: start robot :)
2024-07-30T07:37:02.550Z [info]: start robot :)
2024-07-30T07:38:41.628Z [[32minfo[39m]: [32mstart robot :)[39m
2024-07-30T07:39:17.142Z [[32minfo[39m]: [32mstart robot :)[39m
2024-07-30T07:39:44.931Z [[32minfo[39m]: [32mstart robot :)[39m
2024-07-30T07:40:15.790Z [[32minfo[39m]: [32mstart robot :)[39m
2024-07-30T07:40:44.198Z [info]: start robot :)
2024-07-30T07:43:35.132Z [info]: start robot :)
2024-07-30T07:46:06.445Z [info]: start robot :)
2024-07-30T07:46:35.716Z [info]: 
2024-07-30T07:54:18.618Z [info]: start robot :)
2024-07-30T07:56:01.066Z [info]: start robot :)
2024-07-30T08:07:27.876Z [info]: start robot :)
2024-07-30T08:08:09.808Z [info]: start robot :)
2024-07-30T08:08:16.423Z [info]: lunch page :)
2024-07-30T08:08:17.973Z [info]: fill form page 1 :) 
2024-07-30T08:09:22.892Z [info]: start robot :)
2024-07-30T08:09:49.536Z [info]: start robot :)
2024-07-30T08:16:06.842Z [info]: start robot :)
2024-07-30T08:16:13.671Z [info]: lunch page :)
2024-07-30T08:16:15.345Z [info]: fill form page 1 :) 
2024-07-30T08:17:57.749Z [info]: start robot :)
2024-07-30T08:19:26.849Z [info]: start robot :)
2024-07-30T08:19:41.745Z [info]: lunch page :)
2024-07-30T08:19:48.154Z [info]: fill form page 1 :) 
2024-07-30T08:22:56.030Z [info]: start robot :)
2024-07-30T08:23:06.058Z [info]: lunch page :)
2024-07-30T08:23:07.648Z [info]: fill form page 1 :) 
2024-07-30T08:25:37.559Z [info]: start robot :)
2024-07-30T08:25:45.582Z [info]: lunch page :)
2024-07-30T08:25:47.199Z [info]: fill form page 1 :) 
2024-07-30T08:27:20.623Z [info]: start robot :)
2024-07-30T08:27:52.535Z [info]: start robot :)
2024-07-30T08:28:11.007Z [info]: start robot :)
2024-07-30T08:28:17.641Z [info]: lunch page :)
2024-07-30T08:28:21.381Z [info]: fill form page 1 :) 
2024-07-30T08:30:18.571Z [info]: start robot :)
2024-07-30T08:30:38.131Z [info]: lunch page :)
2024-07-30T08:30:40.087Z [info]: fill form page 1 :) 
2024-07-30T08:32:11.670Z [info]: start robot :)
2024-07-30T08:32:53.708Z [info]: start robot :)
2024-07-30T08:33:43.504Z [info]: lunch page :)
2024-07-30T08:33:45.341Z [info]: fill form page 1 :) 
2024-07-30T08:36:17.255Z [info]: start robot :)
2024-07-30T09:44:47.965Z [info]: start robot :)
2024-07-30T09:45:16.252Z [info]: start robot :)
2024-07-30T09:45:30.082Z [info]: lunch page :)
2024-07-30T09:45:31.772Z [info]: fill form page 1 :) 
2024-07-30T11:26:02.337Z [info]: start robot :)
2024-07-30T11:26:36.191Z [info]: start robot :)
2024-07-30T11:27:32.407Z [info]: start robot :)
2024-07-30T11:28:18.348Z [info]: start robot :)
2024-07-30T11:30:05.802Z [info]: start robot :)
2024-07-30T11:30:12.200Z [info]: lunch page :)
2024-07-30T11:30:13.640Z [info]: fill form page 1 :) 
2024-07-30T11:44:49.849Z [info]: start robot :)
2024-07-30T11:44:57.435Z [info]: lunch page :)
2024-07-30T11:44:59.538Z [info]: fill form page 1 :) 
2024-07-30T11:45:25.824Z [info]: start robot :)
2024-07-30T11:45:33.556Z [info]: lunch page :)
2024-07-30T11:45:35.248Z [info]: fill form page 1 :) 
2024-07-30T11:51:30.375Z [info]: start robot :)
2024-07-30T11:51:35.424Z [info]: lunch page :)
2024-07-30T11:51:36.953Z [info]: fill form page 1 :) 
2024-07-30T12:18:26.881Z [info]: start robot :)
2024-07-30T12:18:33.534Z [info]: lunch page :)
2024-07-30T12:18:33.535Z [info]: fill form page 1 :) 
2024-07-30T12:20:05.729Z [info]: start robot :)
2024-07-30T12:20:35.227Z [info]: lunch page :)
2024-07-30T12:20:35.228Z [info]: fill form page 1 :) 
2024-07-30T14:11:59.560Z [info]: start robot :)
2024-07-30T14:12:28.508Z [info]: lunch page :)
2024-07-30T14:12:30.199Z [info]: fill  form page 1 :) 
2024-07-30T14:15:52.796Z [info]: start robot :)
2024-07-30T14:16:06.790Z [info]: lunch page :)
2024-07-30T14:16:10.501Z [info]: fill  form page 1 :) 
2024-07-30T14:16:25.990Z [info]: start robot :)
2024-07-30T14:16:31.814Z [info]: lunch page :)
2024-07-30T14:16:34.474Z [info]: fill  form page 1 :) 
2024-07-30T14:22:11.800Z [info]: start robot :)
2024-07-30T14:23:32.867Z [info]: start robot :)
2024-07-30T14:23:48.077Z [info]: lunch page :)
2024-07-30T14:23:49.716Z [info]: fill  form page 1 :) 
2024-07-30T14:25:09.821Z [info]: start robot :)
2024-07-30T14:25:59.299Z [info]: start robot :)
2024-07-30T14:26:30.919Z [info]: start robot :)
2024-07-30T14:26:49.974Z [info]: lunch page :)
2024-07-30T14:26:51.368Z [info]: fill  form page 1 :) 
2024-07-30T14:30:12.834Z [info]: start robot :)
2024-07-30T14:31:05.417Z [info]: start robot :)
2024-07-30T14:31:22.015Z [info]: lunch page :)
2024-07-30T14:31:25.630Z [info]: fill  form page 1 :) 
2024-07-30T14:32:37.107Z [info]: start robot :)
2024-07-30T14:32:50.572Z [info]: lunch page :)
2024-07-30T14:32:52.232Z [info]: fill  form page 1 :) 
2024-07-30T14:33:51.964Z [info]: start robot :)
2024-07-30T14:33:55.333Z [info]: lunch page :)
2024-07-30T14:33:56.650Z [info]: fill  form page 1 :) 
2024-07-30T14:36:08.645Z [info]: start robot :)
2024-07-30T14:36:21.947Z [info]: start robot :)
2024-07-30T14:36:45.909Z [info]: start robot :)
2024-07-30T14:37:13.954Z [info]: start robot :)
2024-07-30T14:37:32.943Z [info]: start robot :)
2024-07-30T14:37:47.171Z [info]: start robot :)
2024-07-30T14:37:54.636Z [info]: start robot :)
2024-07-30T14:38:00.364Z [info]: start robot :)
2024-07-30T14:38:21.930Z [info]: start robot :)
2024-07-30T14:38:50.614Z [info]: start robot :)
2024-07-30T14:39:15.905Z [info]: start robot :)
2024-07-30T14:40:06.440Z [info]: start robot :)
2024-07-30T14:40:19.494Z [info]: lunch page :)
2024-07-30T14:40:21.000Z [info]: fill  form page 1 :) 
2024-07-30T14:41:13.537Z [info]: start robot :)
2024-07-30T14:41:31.414Z [info]: start robot :)
2024-07-30T14:41:55.926Z [info]: start robot :)
2024-07-30T14:42:04.074Z [info]: start robot :)
2024-07-30T14:42:20.418Z [info]: start robot :)
2024-07-30T14:45:06.087Z [info]: start robot :)
2024-07-30T14:45:24.373Z [info]: start robot :)
2024-07-30T14:45:43.601Z [info]: start robot :)
2024-07-30T14:45:58.840Z [info]: start robot :)
2024-07-30T14:46:06.657Z [info]: start robot :)
2024-07-30T14:46:24.419Z [info]: start robot :)
2024-07-30T14:50:16.369Z [info]: start robot :)
2024-07-30T14:50:31.709Z [info]: start robot :)
2024-07-30T14:50:54.151Z [info]: start robot :)
2024-07-30T14:51:13.666Z [info]: start robot :)
2024-07-30T14:51:19.137Z [info]: start robot :)
2024-07-30T14:51:35.807Z [info]: start robot :)
2024-07-30T14:51:53.569Z [info]: start robot :)
2024-07-30T14:52:07.342Z [info]: start robot :)
2024-07-30T14:52:25.788Z [info]: start robot :)
2024-07-30T14:52:35.032Z [info]: start robot :)
2024-07-30T14:52:44.404Z [info]: start robot :)
2024-07-30T14:53:19.741Z [info]: start robot :)
2024-07-30T14:53:56.719Z [info]: start robot :)
2024-07-30T14:56:04.801Z [info]: start robot :)
2024-07-30T14:56:14.183Z [info]: start robot :)
2024-07-30T14:58:16.186Z [info]: start robot :)
2024-07-30T14:58:33.844Z [info]: start robot :)
2024-07-31T04:23:30.287Z [info]: start robot :)
2024-07-31T04:23:37.270Z [info]: lunch page :)
2024-07-31T04:23:38.783Z [info]: fill  form page 1 :) 
2024-07-31T04:23:38.809Z [info]: start robot :)
2024-07-31T04:23:42.034Z [info]: lunch page :)
2024-07-31T04:23:43.937Z [info]: fill  form page 1 :) 
2024-07-31T04:34:28.597Z [info]: start robot :)
2024-07-31T04:34:33.795Z [info]: lunch page :)
2024-07-31T04:34:35.251Z [info]: fill  form page 1 :) 
2024-07-31T04:36:13.029Z [info]: start robot :)
2024-07-31T04:36:15.710Z [info]: lunch page :)
2024-07-31T04:36:17.120Z [info]: fill  form page 1 :) 
2024-07-31T05:50:21.757Z [info]: start robot :)
2024-07-31T05:50:46.379Z [info]: start robot :)
2024-07-31T05:51:04.102Z [info]: start robot :)
2024-07-31T05:51:35.357Z [info]: lunch page :)
2024-07-31T05:51:36.845Z [info]: fill  form page 1 :) 
2024-07-31T08:59:19.254Z [info]: Starting robot :)
2024-07-31T08:59:26.483Z [info]: Page launched :)
2024-07-31T08:59:28.057Z [info]: Filled form page 1 :) 
2024-07-31T09:06:36.578Z [info]: Starting robot :)
2024-07-31T09:06:49.098Z [info]: Page launched :)
2024-07-31T09:06:56.180Z [info]: Filled form page 1 :) 
2024-07-31T11:32:22.191Z [info]: Starting robot :)
2024-07-31T11:32:26.100Z [info]: Page launched :)
2024-07-31T11:32:27.883Z [info]: Filled form page 1 :) 
2024-07-31T14:14:36.563Z [info]: Starting robot :)
2024-07-31T14:14:42.119Z [info]: Page launched :)
2024-07-31T14:14:44.305Z [info]: Filled form page 1 :) 
2024-07-31T14:15:01.378Z [info]: Starting robot :)
2024-07-31T14:15:06.653Z [info]: Page launched :)
2024-07-31T14:15:09.594Z [info]: Filled form page 1 :) 
2024-07-31T14:16:01.228Z [info]: Starting robot :)
2024-07-31T14:16:07.369Z [info]: Page launched :)
2024-07-31T14:16:08.915Z [info]: Filled form page 1 :) 
2024-07-31T14:17:29.991Z [info]: Starting robot :)
2024-07-31T14:17:33.250Z [info]: Page launched :)
2024-07-31T14:17:37.062Z [info]: Filled form page 1 :) 
2024-07-31T14:18:14.156Z [info]: Starting robot :)
2024-07-31T14:18:17.558Z [info]: Page launched :)
2024-07-31T14:18:19.243Z [info]: Filled form page 1 :) 
2024-07-31T14:23:47.290Z [info]: Starting robot :)
2024-07-31T14:23:53.941Z [info]: Page launched :)
2024-07-31T14:23:55.357Z [info]: Filled form page 1 :) 
2024-07-31T14:23:56.194Z [info]: Starting robot :)
2024-07-31T14:24:00.283Z [info]: Page launched :)
2024-07-31T14:24:01.678Z [info]: Filled form page 1 :) 
2024-07-31T14:24:48.328Z [info]: Starting robot :)
2024-07-31T14:24:52.025Z [info]: Page launched :)
2024-07-31T14:24:53.680Z [info]: Filled form page 1 :) 
2024-07-31T14:26:06.809Z [info]: Starting robot :)
2024-07-31T14:26:10.842Z [info]: Page launched :)
2024-07-31T14:26:12.301Z [info]: Filled form page 1 :) 
2024-07-31T14:27:56.712Z [info]: Starting robot :)
2024-07-31T14:28:00.297Z [info]: Page launched :)
2024-07-31T14:28:01.920Z [info]: Filled form page 1 :) 
2024-07-31T14:28:01.951Z [info]: Starting robot :)
2024-07-31T14:28:05.465Z [info]: Page launched :)
2024-07-31T14:28:06.889Z [info]: Filled form page 1 :) 
2024-07-31T14:28:14.119Z [info]: Starting robot :)
2024-07-31T14:28:19.483Z [info]: Page launched :)
2024-07-31T14:28:21.641Z [info]: Filled form page 1 :) 
2024-07-31T14:31:15.965Z [info]: Starting robot :)
2024-07-31T14:31:19.336Z [error]: Error in registerEjdevaj:::::::::::::::: TypeError: Cannot destructure property 'page' of '(intermediate value)' as it is null.
2024-07-31T14:31:21.608Z [info]: Starting robot :)
2024-07-31T14:31:25.196Z [info]: Page launched :)
2024-07-31T14:31:28.224Z [info]: Filled form page 1 :) 
2024-07-31T14:34:30.741Z [info]: Starting robot :)
2024-07-31T14:34:37.550Z [error]: Error in registerEjdevaj:::::::::::::::: TypeError: Cannot destructure property 'page' of '(intermediate value)' as it is null.
2024-07-31T14:34:48.390Z [info]: Starting robot :)
2024-07-31T14:34:52.141Z [info]: Page launched :)
2024-07-31T14:34:53.497Z [info]: Filled form page 1 :) 
2024-07-31T14:36:30.755Z [info]: Starting robot :)
2024-07-31T14:36:34.058Z [info]: Page launched :)
2024-07-31T14:36:35.763Z [info]: Filled form page 1 :) 
2024-07-31T14:38:24.964Z [info]: Starting robot :)
2024-07-31T14:38:28.043Z [info]: Page launched :)
2024-07-31T14:38:29.441Z [info]: Filled form page 1 :) 
2024-07-31T14:39:11.459Z [info]: Starting robot :)
2024-07-31T14:39:23.378Z [info]: Page launched :)
2024-07-31T14:39:25.304Z [info]: Filled form page 1 :) 
2024-07-31T14:39:25.335Z [info]: Starting robot :)
2024-07-31T14:39:28.121Z [info]: Page launched :)
2024-07-31T14:39:29.436Z [info]: Filled form page 1 :) 
2024-07-31T14:41:35.059Z [info]: Starting robot :)
2024-07-31T14:41:38.241Z [info]: Page launched :)
2024-07-31T14:41:39.853Z [info]: Filled form page 1 :) 
2024-07-31T14:43:58.473Z [info]: Starting robot :)
2024-07-31T14:44:03.445Z [info]: Page launched :)
2024-07-31T14:44:05.103Z [info]: Filled form page 1 :) 
2024-07-31T14:44:57.048Z [info]: Starting robot :)
2024-07-31T14:45:03.922Z [info]: Page launched :)
2024-07-31T14:45:05.432Z [info]: Filled form page 1 :) 
2024-07-31T14:45:47.285Z [info]: Starting robot :)
2024-07-31T14:45:51.764Z [info]: Page launched :)
2024-07-31T14:45:54.642Z [info]: Filled form page 1 :) 
2024-07-31T14:46:47.444Z [info]: Starting robot :)
2024-07-31T14:46:53.793Z [info]: Page launched :)
2024-07-31T14:46:55.592Z [info]: Filled form page 1 :) 
2024-07-31T14:47:24.250Z [info]: Starting robot :)
2024-07-31T14:47:26.968Z [info]: Page launched :)
2024-07-31T14:47:29.043Z [info]: Filled form page 1 :) 
2024-07-31T14:48:28.684Z [info]: Starting robot :)
2024-07-31T14:48:32.096Z [info]: Page launched :)
2024-07-31T14:48:34.124Z [info]: Filled form page 1 :) 
2024-07-31T14:48:35.012Z [info]: Starting robot :)
2024-07-31T14:48:38.737Z [info]: Page launched :)
2024-07-31T14:48:40.306Z [info]: Filled form page 1 :) 
2024-07-31T14:48:41.543Z [info]: Starting robot :)
2024-07-31T14:48:46.388Z [info]: Page launched :)
2024-07-31T14:48:51.047Z [info]: Filled form page 1 :) 
2024-07-31T14:53:23.640Z [info]: Starting robot :)
2024-07-31T14:53:36.441Z [info]: Page launched :)
2024-07-31T14:53:37.752Z [info]: Filled form page 1 :) 
2024-07-31T14:54:28.202Z [info]: Starting robot :)
2024-07-31T14:54:32.412Z [error]: Error in registerEjdevaj:::::::::::::::: TypeError: Cannot destructure property 'page' of '(intermediate value)' as it is null.
2024-07-31T14:54:50.824Z [info]: Starting robot :)
2024-07-31T14:54:56.489Z [info]: Page launched :)
2024-07-31T14:55:00.224Z [info]: Filled form page 1 :) 
2024-07-31T14:59:51.441Z [info]: Starting robot :)
2024-07-31T14:59:55.994Z [info]: Page launched :)
2024-07-31T14:59:58.500Z [info]: Filled form page 1 :) 
2024-07-31T15:02:10.491Z [info]: Starting robot :)
2024-07-31T15:02:13.944Z [info]: Page launched :)
2024-07-31T15:02:16.261Z [info]: Filled form page 1 :) 
2024-07-31T15:03:47.865Z [info]: Starting robot :)
2024-07-31T15:04:02.916Z [error]: Error in registerEjdevaj:::::::::::::::: TypeError: Cannot destructure property 'page' of '(intermediate value)' as it is null.
2024-07-31T15:04:11.575Z [info]: Starting robot :)
2024-07-31T15:04:24.688Z [error]: Error in registerEjdevaj:::::::::::::::: TypeError: Cannot destructure property 'page' of '(intermediate value)' as it is null.
2024-07-31T15:04:36.489Z [info]: Starting robot :)
2024-07-31T15:04:41.686Z [error]: Error in registerEjdevaj:::::::::::::::: TypeError: Cannot destructure property 'page' of '(intermediate value)' as it is null.
2024-07-31T15:04:56.524Z [info]: Starting robot :)
2024-07-31T15:05:04.424Z [error]: Error in registerEjdevaj:::::::::::::::: TypeError: Cannot destructure property 'page' of '(intermediate value)' as it is null.
2024-07-31T15:05:05.588Z [info]: Starting robot :)
2024-07-31T15:05:11.141Z [error]: Error in registerEjdevaj:::::::::::::::: TypeError: Cannot destructure property 'page' of '(intermediate value)' as it is null.
2024-07-31T15:05:22.374Z [info]: Starting robot :)
2024-07-31T15:05:28.553Z [error]: Error in registerEjdevaj:::::::::::::::: TypeError: Cannot destructure property 'page' of '(intermediate value)' as it is null.
2024-07-31T15:06:02.149Z [info]: Starting robot :)
2024-07-31T15:06:05.844Z [info]: Page launched :)
2024-07-31T15:06:07.452Z [info]: Filled form page 1 :) 
2024-07-31T15:06:21.415Z [info]: Starting robot :)
2024-07-31T15:06:27.919Z [info]: Page launched :)
2024-07-31T15:06:29.260Z [info]: Filled form page 1 :) 
2024-07-31T15:07:35.459Z [info]: Starting robot :)
2024-07-31T15:07:39.113Z [info]: Page launched :)
2024-07-31T15:07:40.473Z [info]: Filled form page 1 :) 
2024-07-31T15:08:48.598Z [info]: Starting robot :)
2024-07-31T15:09:03.547Z [info]: Page launched :)
2024-07-31T15:09:05.220Z [info]: Filled form page 1 :) 
2024-07-31T15:11:04.411Z [info]: Starting robot :)
2024-07-31T15:11:07.017Z [info]: Page launched :)
2024-07-31T15:11:08.466Z [info]: Filled form page 1 :) 
2024-07-31T15:14:08.025Z [info]: Starting robot :)
2024-07-31T15:14:10.636Z [info]: Page launched :)
2024-07-31T15:14:12.745Z [info]: Filled form page 1 :) 
2024-07-31T15:16:34.432Z [info]: Starting robot :)
2024-07-31T15:16:38.169Z [info]: Page launched :)
2024-07-31T15:16:40.123Z [info]: Filled form page 1 :) 
2024-07-31T15:18:37.305Z [info]: Starting robot :)
2024-07-31T15:18:39.955Z [info]: Page launched :)
2024-07-31T15:18:41.299Z [info]: Filled form page 1 :) 
2024-07-31T15:24:07.051Z [info]: Starting robot :)
2024-07-31T15:24:10.369Z [info]: Page launched :)
2024-07-31T15:24:11.496Z [info]: Filled form page 1 :) 
2024-07-31T15:26:09.058Z [info]: Starting robot :)
2024-07-31T15:26:14.668Z [info]: Page launched :)
2024-07-31T15:26:18.239Z [info]: Filled form page 1 :) 
