2024-08-02T14:37:53.901Z [info]: Starting robot :)
2024-08-02T14:37:56.634Z [info]: Page launched :)
2024-08-02T14:39:19.920Z [info]: Filled form page 1 :) 
2024-08-03T08:50:34.818Z [info]: Starting robot :)
2024-08-03T08:50:38.349Z [info]: Page launched :)
2024-08-03T08:50:39.700Z [info]: Filled form page 1 :) 
2024-08-03T08:51:40.653Z [info]: Go to page 2 :)
2024-08-03T08:51:45.157Z [info]: get sms code ::::::  360854
2024-08-03T08:51:47.886Z [info]: get sms code ::::::  360854
2024-08-03T08:51:49.832Z [info]: get sms code ::::::  360854
2024-08-03T08:51:51.618Z [info]: get sms code ::::::  360854
2024-08-03T08:51:55.197Z [info]: get sms code ::::::  360854
2024-08-03T08:51:56.910Z [info]: get sms code ::::::  360854
2024-08-03T08:51:58.685Z [info]: get sms code ::::::  360854
2024-08-03T08:52:00.288Z [info]: get sms code ::::::  360854
2024-08-03T08:52:02.224Z [info]: get sms code ::::::  360854
2024-08-03T08:52:03.841Z [info]: get sms code ::::::  360854
2024-08-03T08:52:05.460Z [info]: get sms code ::::::  360854
2024-08-03T08:52:07.173Z [info]: get sms code ::::::  360854
2024-08-03T08:52:08.893Z [info]: get sms code ::::::  360854
2024-08-03T08:52:10.664Z [info]: get sms code ::::::  360854
2024-08-03T08:52:12.716Z [info]: get sms code ::::::  360854
2024-08-03T08:52:14.357Z [info]: get sms code ::::::  360854
2024-08-03T08:52:17.085Z [info]: get sms code ::::::  360854
2024-08-03T08:52:20.283Z [info]: get sms code ::::::  360854
2024-08-03T08:52:23.474Z [info]: get sms code ::::::  360854
2024-08-03T08:52:25.304Z [info]: get sms code ::::::  360854
2024-08-03T08:52:26.949Z [info]: get sms code ::::::  360854
2024-08-03T08:52:28.580Z [info]: get sms code ::::::  360854
2024-08-03T08:52:30.200Z [info]: get sms code ::::::  360854
2024-08-03T08:52:32.086Z [info]: get sms code ::::::  360854
2024-08-03T08:52:33.791Z [info]: get sms code ::::::  360854
2024-08-03T08:52:35.414Z [info]: get sms code ::::::  360854
2024-08-03T08:52:37.477Z [info]: get sms code ::::::  360854
2024-08-03T08:52:39.048Z [info]: get sms code ::::::  360854
2024-08-03T08:52:40.659Z [info]: get sms code ::::::  360854
2024-08-03T08:52:42.505Z [info]: get sms code ::::::  360854
2024-08-03T08:52:44.397Z [info]: get sms code ::::::  360854
2024-08-03T08:52:46.335Z [info]: get sms code ::::::  360854
2024-08-03T08:52:48.059Z [info]: get sms code ::::::  360854
2024-08-03T08:52:49.655Z [info]: get sms code ::::::  360854
2024-08-03T08:52:49.699Z [info]: Close Robot  :) 
