2024-08-03T14:03:27.556Z [info]: Starting robot :)
2024-08-03T14:03:32.815Z [info]: Page launched :)
2024-08-03T14:03:35.118Z [info]: Filled form page 1 :) 
2024-08-03T14:03:44.910Z [info]: Go to page 2 :)
2024-08-03T14:03:58.935Z [error]: error in code api :::::: [object Object]
2024-08-03T14:04:02.533Z [info]: get sms code ::::::  362187
2024-08-03T14:04:04.667Z [info]: get sms code ::::::  362187
2024-08-03T14:04:06.491Z [info]: get sms code ::::::  362187
2024-08-03T14:04:08.076Z [info]: get sms code ::::::  362187
2024-08-03T14:04:09.776Z [info]: get sms code ::::::  362187
2024-08-03T14:04:11.456Z [info]: get sms code ::::::  865684
2024-08-03T14:05:00.307Z [info]: Close Robot  :) 
2024-08-03T14:08:33.424Z [info]: Starting robot :)
2024-08-03T14:08:43.703Z [info]: Page launched :)
2024-08-03T14:08:47.395Z [info]: Filled form page 1 :) 
2024-08-03T14:08:47.448Z [info]: Go to page 2 :)
2024-08-03T14:08:51.646Z [info]: get sms code ::::::  865684
2024-08-03T14:08:54.099Z [info]: get sms code ::::::  865684
2024-08-03T14:08:56.665Z [info]: get sms code ::::::  865684
2024-08-03T14:08:58.919Z [info]: get sms code ::::::  865684
2024-08-03T14:09:01.269Z [info]: get sms code ::::::  865684
2024-08-03T14:09:05.355Z [info]: get sms code ::::::  865684
2024-08-03T14:09:08.543Z [info]: get sms code ::::::  865684
2024-08-03T14:09:12.638Z [info]: get sms code ::::::  865684
2024-08-03T14:09:15.338Z [info]: get sms code ::::::  865684
2024-08-03T14:09:17.562Z [info]: get sms code ::::::  865684
2024-08-03T14:09:19.740Z [info]: get sms code ::::::  777412
2024-08-03T14:17:25.104Z [info]: Starting robot :)
2024-08-03T14:17:36.551Z [info]: Page launched :)
2024-08-03T14:17:45.825Z [info]: Filled form page 1 :) 
2024-08-03T14:17:55.490Z [info]: Go to page 2 :)
2024-08-03T14:18:01.370Z [info]: get sms code ::::::  777412
2024-08-03T14:18:03.761Z [info]: get sms code ::::::  777412
2024-08-03T14:18:08.097Z [info]: get sms code ::::::  777412
2024-08-03T14:18:20.295Z [info]: get sms code ::::::  777412
2024-08-03T14:18:24.027Z [info]: get sms code ::::::  777412
2024-08-03T14:18:28.053Z [info]: get sms code ::::::  472342
2024-08-03T14:19:54.118Z [info]: Close Robot  :) 
2024-08-03T14:26:19.268Z [info]: Starting robot :)
2024-08-03T14:26:24.334Z [info]: Page launched :)
2024-08-03T14:26:25.899Z [info]: Filled form page 1 :) 
2024-08-03T14:26:26.519Z [info]: Go to page 2 :)
2024-08-03T14:26:30.744Z [info]: get sms code ::::::  472342
2024-08-03T14:26:32.587Z [info]: get sms code ::::::  472342
2024-08-03T14:26:34.300Z [info]: get sms code ::::::  472342
2024-08-03T14:26:35.896Z [info]: get sms code ::::::  472342
2024-08-03T14:26:37.323Z [info]: get sms code ::::::  472342
2024-08-03T14:26:39.190Z [info]: get sms code ::::::  472342
2024-08-03T14:26:40.683Z [info]: get sms code ::::::  472342
2024-08-03T14:26:42.367Z [info]: get sms code ::::::  472342
2024-08-03T14:26:43.791Z [info]: get sms code ::::::  472342
2024-08-03T14:26:45.244Z [info]: get sms code ::::::  472342
2024-08-03T14:26:46.722Z [info]: get sms code ::::::  472342
2024-08-03T14:26:48.381Z [info]: get sms code ::::::  472342
2024-08-03T14:26:50.029Z [info]: get sms code ::::::  472342
2024-08-03T14:26:56.705Z [info]: get sms code ::::::  472342
2024-08-03T14:27:01.639Z [info]: get sms code ::::::  472342
2024-08-03T14:27:03.494Z [info]: get sms code ::::::  472342
2024-08-03T14:27:05.642Z [info]: get sms code ::::::  472342
2024-08-03T14:27:08.751Z [info]: get sms code ::::::  472342
2024-08-03T14:27:10.951Z [info]: get sms code ::::::  472342
2024-08-03T14:27:14.108Z [info]: get sms code ::::::  472342
2024-08-03T14:27:16.347Z [info]: get sms code ::::::  472342
2024-08-03T14:27:20.471Z [info]: get sms code ::::::  472342
2024-08-03T14:27:26.894Z [info]: get sms code ::::::  100081
2024-08-03T14:27:35.306Z [info]: Starting robot :)
2024-08-03T14:27:40.222Z [info]: Page launched :)
2024-08-03T14:27:41.807Z [info]: Filled form page 1 :) 
2024-08-03T14:31:02.689Z [info]: Starting robot :)
2024-08-03T14:31:13.514Z [info]: Page launched :)
2024-08-03T14:31:19.256Z [info]: Filled form page 1 :) 
2024-08-03T14:32:19.534Z [info]: Go to page 2 :)
2024-08-03T14:32:24.157Z [info]: get sms code ::::::  100081
2024-08-03T14:32:28.853Z [info]: get sms code ::::::  100081
2024-08-03T14:32:37.340Z [info]: get sms code ::::::  100081
2024-08-03T14:32:40.436Z [info]: get sms code ::::::  100081
2024-08-03T14:32:45.735Z [info]: get sms code ::::::  100081
2024-08-03T14:32:49.522Z [info]: get sms code ::::::  100081
2024-08-03T14:32:53.573Z [info]: get sms code ::::::  519745
2024-08-03T14:34:41.393Z [info]: Starting robot :)
2024-08-03T14:34:54.983Z [error]: Error in registerEjdevaj:::::::::::::::: TypeError: Cannot destructure property 'page' of '(intermediate value)' as it is null.
