2024-08-03T14:02:03.860Z [info]: Starting robot :)
2024-08-03T14:02:08.459Z [info]: Page launched :)
2024-08-03T14:02:11.215Z [info]: Filled form page 1 :) 
2024-08-03T14:02:12.944Z [info]: Go to page 2 :)
2024-08-03T14:02:17.626Z [info]: get sms code ::::::  972998
2024-08-03T14:02:27.135Z [info]: get sms code ::::::  972998
2024-08-03T14:02:34.329Z [info]: get sms code ::::::  972998
2024-08-03T14:02:36.920Z [info]: get sms code ::::::  972998
2024-08-03T14:02:42.118Z [info]: get sms code ::::::  972998
2024-08-03T14:02:43.812Z [info]: get sms code ::::::  972998
2024-08-03T14:02:45.421Z [info]: get sms code ::::::  972998
2024-08-03T14:02:47.071Z [info]: get sms code ::::::  972998
2024-08-03T14:02:48.697Z [info]: get sms code ::::::  972998
2024-08-03T14:02:50.613Z [info]: get sms code ::::::  972998
2024-08-03T14:02:52.600Z [info]: get sms code ::::::  972998
2024-08-03T14:02:54.582Z [info]: get sms code ::::::  972998
2024-08-03T14:02:56.508Z [info]: get sms code ::::::  972998
2024-08-03T14:02:58.293Z [info]: get sms code ::::::  972998
2024-08-03T14:02:59.819Z [info]: get sms code ::::::  972998
2024-08-03T14:03:01.647Z [info]: get sms code ::::::  972998
2024-08-03T14:03:03.320Z [info]: get sms code ::::::  972998
2024-08-03T14:03:04.933Z [info]: get sms code ::::::  972998
2024-08-03T14:03:06.473Z [info]: get sms code ::::::  972998
2024-08-03T14:03:08.519Z [info]: get sms code ::::::  972998
2024-08-03T14:03:10.269Z [info]: get sms code ::::::  972998
2024-08-03T14:03:12.357Z [info]: get sms code ::::::  972998
2024-08-03T14:03:14.147Z [info]: get sms code ::::::  972998
2024-08-03T14:03:16.094Z [info]: get sms code ::::::  972998
2024-08-03T14:03:18.012Z [info]: get sms code ::::::  972998
2024-08-03T14:03:19.679Z [info]: get sms code ::::::  972998
2024-08-03T14:03:21.776Z [info]: get sms code ::::::  972998
2024-08-03T14:03:23.415Z [info]: get sms code ::::::  972998
2024-08-03T14:03:25.630Z [info]: get sms code ::::::  972998
2024-08-03T14:04:49.653Z [info]: Starting robot :)
2024-08-03T14:04:56.691Z [info]: Page launched :)
2024-08-03T14:05:00.001Z [info]: Filled form page 1 :) 
2024-08-03T14:05:16.427Z [info]: Go to page 2 :)
2024-08-03T14:05:20.947Z [info]: get sms code ::::::  972998
2024-08-03T14:05:25.315Z [info]: get sms code ::::::  972998
2024-08-03T14:05:29.490Z [info]: get sms code ::::::  972998
2024-08-03T14:05:35.397Z [info]: get sms code ::::::  972998
2024-08-03T14:05:39.990Z [info]: get sms code ::::::  972998
2024-08-03T14:05:43.659Z [info]: get sms code ::::::  972998
2024-08-03T14:05:49.479Z [info]: get sms code ::::::  972998
2024-08-03T14:05:53.874Z [info]: get sms code ::::::  972998
2024-08-03T14:06:02.272Z [info]: get sms code ::::::  972998
2024-08-03T14:06:10.910Z [info]: get sms code ::::::  972998
2024-08-03T14:06:19.182Z [info]: get sms code ::::::  972998
2024-08-03T14:06:26.859Z [info]: get sms code ::::::  972998
2024-08-03T14:06:30.107Z [info]: get sms code ::::::  972998
2024-08-03T14:06:36.026Z [info]: get sms code ::::::  972998
2024-08-03T14:06:38.306Z [info]: get sms code ::::::  972998
2024-08-03T14:06:41.559Z [info]: get sms code ::::::  972998
2024-08-03T14:06:45.436Z [info]: get sms code ::::::  972998
2024-08-03T14:06:49.132Z [info]: get sms code ::::::  972998
2024-08-03T14:06:52.926Z [info]: get sms code ::::::  972998
2024-08-03T14:06:56.806Z [info]: get sms code ::::::  972998
2024-08-03T14:06:59.301Z [info]: get sms code ::::::  972998
2024-08-03T14:07:01.709Z [info]: get sms code ::::::  972998
2024-08-03T14:07:05.676Z [info]: get sms code ::::::  972998
2024-08-03T14:07:09.568Z [info]: get sms code ::::::  972998
2024-08-03T14:07:31.668Z [info]: get sms code ::::::  972998
2024-08-03T14:07:34.405Z [info]: get sms code ::::::  972998
2024-08-03T14:07:37.369Z [info]: get sms code ::::::  972998
2024-08-03T14:07:38.890Z [info]: get sms code ::::::  972998
2024-08-03T14:10:19.011Z [info]: Starting robot :)
2024-08-03T14:10:28.038Z [info]: Page launched :)
2024-08-03T14:10:30.306Z [info]: Filled form page 1 :) 
2024-08-03T14:10:33.975Z [info]: Go to page 2 :)
2024-08-03T14:10:39.838Z [info]: get sms code ::::::  972998
2024-08-03T14:10:44.493Z [info]: get sms code ::::::  972998
2024-08-03T14:10:51.555Z [info]: get sms code ::::::  972998
2024-08-03T14:10:56.401Z [info]: get sms code ::::::  972998
2024-08-03T14:10:58.417Z [info]: get sms code ::::::  972998
2024-08-03T14:11:01.294Z [info]: get sms code ::::::  972998
2024-08-03T14:11:05.588Z [info]: get sms code ::::::  972998
2024-08-03T14:11:10.020Z [info]: get sms code ::::::  972998
2024-08-03T14:11:15.197Z [info]: get sms code ::::::  972998
2024-08-03T14:11:17.115Z [info]: get sms code ::::::  972998
2024-08-03T14:11:18.691Z [info]: get sms code ::::::  972998
2024-08-03T14:11:20.257Z [info]: get sms code ::::::  972998
2024-08-03T14:11:21.813Z [info]: get sms code ::::::  972998
2024-08-03T14:11:23.322Z [info]: get sms code ::::::  972998
2024-08-03T14:11:25.183Z [info]: get sms code ::::::  972998
2024-08-03T14:11:27.045Z [info]: get sms code ::::::  972998
2024-08-03T14:11:28.652Z [info]: get sms code ::::::  972998
2024-08-03T14:11:30.812Z [info]: get sms code ::::::  972998
2024-08-03T14:11:32.431Z [info]: get sms code ::::::  972998
2024-08-03T14:11:37.132Z [info]: get sms code ::::::  972998
2024-08-03T14:11:41.606Z [info]: get sms code ::::::  972998
2024-08-03T14:11:45.428Z [info]: get sms code ::::::  972998
2024-08-03T14:11:48.164Z [info]: get sms code ::::::  972998
2024-08-03T14:11:50.438Z [info]: get sms code ::::::  972998
2024-08-03T14:11:52.651Z [info]: get sms code ::::::  972998
2024-08-03T14:11:54.783Z [info]: get sms code ::::::  972998
2024-08-03T14:11:56.985Z [info]: get sms code ::::::  972998
2024-08-03T14:11:59.310Z [info]: get sms code ::::::  972998
2024-08-03T14:12:02.013Z [info]: get sms code ::::::  972998
2024-08-03T14:12:04.171Z [info]: get sms code ::::::  972998
2024-08-03T14:12:07.184Z [info]: get sms code ::::::  972998
2024-08-03T14:12:10.908Z [info]: get sms code ::::::  972998
2024-08-03T14:12:13.392Z [info]: get sms code ::::::  972998
2024-08-03T14:12:20.186Z [info]: get sms code ::::::  972998
2024-08-03T14:12:24.797Z [info]: get sms code ::::::  972998
2024-08-03T14:12:33.464Z [info]: get sms code ::::::  972998
2024-08-03T14:12:36.116Z [info]: get sms code ::::::  972998
2024-08-03T14:12:36.135Z [info]: Close Robot  :) 
2024-08-03T14:18:22.475Z [info]: Starting robot :)
2024-08-03T14:18:28.086Z [info]: Page launched :)
2024-08-03T14:18:31.373Z [info]: Filled form page 1 :) 
2024-08-03T14:18:37.200Z [info]: Go to page 2 :)
2024-08-03T14:18:41.756Z [info]: get sms code ::::::  972998
2024-08-03T14:18:45.665Z [info]: get sms code ::::::  972998
2024-08-03T14:18:52.554Z [info]: get sms code ::::::  796501
