2024-08-02T09:52:23.554Z [info]: Starting robot :)
2024-08-02T09:52:30.824Z [error]: Error in registerEjdevaj:::::::::::::::: TypeError: Cannot destructure property 'page' of '(intermediate value)' as it is null.
2024-08-02T09:54:33.190Z [info]: Starting robot :)
2024-08-02T09:54:37.986Z [info]: Page launched :)
2024-08-02T09:54:39.500Z [info]: Filled form page 1 :) 
2024-08-02T09:54:41.892Z [info]: Go to page 2 :)
2024-08-02T09:54:41.898Z [info]: Starting robot :)
2024-08-02T09:54:47.289Z [info]: Page launched :)
2024-08-02T09:54:48.802Z [info]: Filled form page 1 :) 
2024-08-02T10:11:26.930Z [info]: Starting robot :)
2024-08-02T10:11:32.808Z [info]: Page launched :)
2024-08-02T10:11:34.439Z [info]: Filled form page 1 :) 
2024-08-02T10:11:34.505Z [info]: Go to page 2 :)
2024-08-02T10:17:37.801Z [info]: Starting robot :)
2024-08-02T10:17:42.686Z [info]: Page launched :)
2024-08-02T10:17:44.616Z [info]: Filled form page 1 :) 
2024-08-02T10:17:44.677Z [info]: Go to page 2 :)
2024-08-02T10:17:44.680Z [info]: Starting robot :)
2024-08-02T10:17:48.772Z [info]: Page launched :)
2024-08-02T10:17:50.813Z [info]: Filled form page 1 :) 
2024-08-02T10:20:23.514Z [info]: Starting robot :)
2024-08-02T10:20:30.364Z [info]: Page launched :)
2024-08-02T10:20:31.972Z [info]: Filled form page 1 :) 
2024-08-02T10:20:32.572Z [info]: Go to page 2 :)
2024-08-02T10:23:02.585Z [info]: Starting robot :)
2024-08-02T10:23:07.571Z [info]: Page launched :)
2024-08-02T10:23:09.493Z [info]: Filled form page 1 :) 
2024-08-02T13:05:16.305Z [info]: Starting robot :)
2024-08-02T13:05:23.890Z [error]: Error in registerEjdevaj:::::::::::::::: TypeError: Cannot destructure property 'page' of '(intermediate value)' as it is null.
2024-08-02T13:05:34.815Z [info]: Starting robot :)
2024-08-02T13:05:41.310Z [info]: Page launched :)
2024-08-02T13:05:45.850Z [info]: Filled form page 1 :) 
2024-08-02T13:05:51.443Z [info]: Go to page 2 :)
2024-08-02T13:08:21.203Z [info]: Starting robot :)
2024-08-02T13:08:30.393Z [info]: Page launched :)
2024-08-02T13:08:32.141Z [info]: Filled form page 1 :) 
2024-08-02T13:08:32.514Z [info]: Go to page 2 :)
2024-08-02T13:11:42.407Z [info]: Starting robot :)
2024-08-02T13:11:48.052Z [info]: Page launched :)
2024-08-02T13:11:50.012Z [info]: Filled form page 1 :) 
2024-08-02T13:11:50.075Z [info]: Go to page 2 :)
2024-08-02T13:13:20.518Z [info]: Starting robot :)
2024-08-02T13:13:24.421Z [info]: Page launched :)
2024-08-02T13:13:26.046Z [info]: Filled form page 1 :) 
2024-08-02T13:14:02.531Z [info]: Go to page 2 :)
2024-08-02T13:15:51.450Z [info]: Starting robot :)
2024-08-02T13:15:55.191Z [error]: Error in registerEjdevaj:::::::::::::::: TypeError: Cannot destructure property 'page' of '(intermediate value)' as it is null.
2024-08-02T13:18:32.522Z [info]: Starting robot :)
2024-08-02T13:18:33.807Z [error]: Error in registerEjdevaj:::::::::::::::: TypeError: Cannot destructure property 'page' of '(intermediate value)' as it is null.
2024-08-02T13:21:50.082Z [info]: Starting robot :)
2024-08-02T13:21:56.160Z [error]: Error in registerEjdevaj:::::::::::::::: TypeError: Cannot destructure property 'page' of '(intermediate value)' as it is null.
2024-08-02T13:26:43.262Z [info]: Starting robot :)
2024-08-02T13:26:49.235Z [info]: Page launched :)
2024-08-02T13:26:50.980Z [info]: Filled form page 1 :) 
2024-08-02T13:26:52.759Z [info]: Go to page 2 :)
2024-08-02T13:26:55.270Z [info]: get sms code ::::::  361281
2024-08-02T13:26:57.243Z [info]: get sms code ::::::  361281
2024-08-02T13:26:59.014Z [info]: get sms code ::::::  361281
2024-08-02T13:27:01.097Z [info]: get sms code ::::::  361281
2024-08-02T13:27:02.762Z [info]: get sms code ::::::  361281
2024-08-02T14:14:28.817Z [info]: Starting robot :)
2024-08-02T14:14:36.766Z [info]: Page launched :)
2024-08-02T14:14:38.286Z [info]: Filled form page 1 :) 
2024-08-02T14:14:45.981Z [info]: Go to page 2 :)
2024-08-02T14:14:51.803Z [info]: get sms code ::::::  343279
2024-08-02T14:16:22.337Z [info]: Starting robot :)
2024-08-02T14:16:30.591Z [info]: Page launched :)
2024-08-02T14:16:32.186Z [info]: Filled form page 1 :) 
2024-08-02T14:17:04.661Z [info]: Go to page 2 :)
2024-08-02T14:17:09.579Z [info]: get sms code ::::::  334532
2024-08-02T14:17:59.162Z [info]: Starting robot :)
2024-08-02T14:18:04.888Z [info]: Page launched :)
2024-08-02T14:18:06.828Z [info]: Filled form page 1 :) 
2024-08-02T14:21:32.242Z [info]: Go to page 2 :)
2024-08-02T14:21:37.362Z [info]: get sms code ::::::  300023
2024-08-02T19:13:49.716Z [info]: Starting robot :)
2024-08-02T19:13:54.628Z [info]: Page launched :)
2024-08-02T19:13:56.486Z [info]: Filled form page 1 :) 
2024-08-02T19:14:14.451Z [info]: Go to page 2 :)
2024-08-02T19:14:22.495Z [info]: get sms code ::::::  484204
2024-08-02T19:17:03.191Z [info]: Starting robot :)
2024-08-02T19:17:08.884Z [info]: Page launched :)
2024-08-02T19:17:10.281Z [info]: Filled form page 1 :) 
2024-08-02T19:17:16.169Z [info]: Go to page 2 :)
2024-08-02T19:17:21.314Z [info]: get sms code ::::::  484204
2024-08-02T19:17:23.508Z [info]: get sms code ::::::  484204
2024-08-02T19:17:25.188Z [info]: get sms code ::::::  484204
2024-08-02T19:17:26.977Z [info]: get sms code ::::::  484204
2024-08-02T19:17:28.812Z [info]: get sms code ::::::  484204
2024-08-02T19:17:30.776Z [info]: get sms code ::::::  707459
2024-08-02T19:24:22.506Z [info]: Starting robot :)
2024-08-02T19:24:28.328Z [info]: Page launched :)
2024-08-02T19:24:30.084Z [info]: Filled form page 1 :) 
2024-08-02T19:24:30.140Z [info]: Go to page 2 :)
2024-08-02T19:24:34.946Z [info]: get sms code ::::::  707459
2024-08-02T19:27:21.332Z [info]: Starting robot :)
2024-08-02T19:27:24.943Z [info]: Page launched :)
2024-08-02T19:27:26.412Z [info]: Filled form page 1 :) 
2024-08-02T19:27:28.244Z [info]: Go to page 2 :)
2024-08-02T19:27:33.097Z [info]: get sms code ::::::  736591
2024-08-02T19:27:34.857Z [info]: get sms code ::::::  736591
2024-08-02T19:27:36.415Z [info]: get sms code ::::::  736591
2024-08-02T19:27:38.814Z [info]: get sms code ::::::  167697
2024-08-02T19:28:28.763Z [info]: Close Robot  :) 
2024-08-02T19:34:34.963Z [info]: Starting robot :)
2024-08-02T19:34:37.695Z [error]: Error in registerEjdevaj:::::::::::::::: TypeError: Cannot destructure property 'page' of '(intermediate value)' as it is null.
2024-08-02T19:37:33.109Z [info]: Starting robot :)
2024-08-02T19:37:36.814Z [error]: Error in registerEjdevaj:::::::::::::::: TypeError: Cannot destructure property 'page' of '(intermediate value)' as it is null.
2024-08-02T20:03:24.038Z [info]: Starting robot :)
2024-08-02T20:03:29.030Z [info]: Page launched :)
2024-08-02T20:03:31.556Z [info]: Filled form page 1 :) 
2024-08-02T20:03:31.700Z [info]: Go to page 2 :)
2024-08-02T20:03:36.473Z [info]: get sms code ::::::  167697
2024-08-02T20:03:38.740Z [info]: get sms code ::::::  167697
2024-08-02T20:03:40.541Z [info]: get sms code ::::::  167697
2024-08-02T20:03:42.456Z [info]: get sms code ::::::  167697
2024-08-02T20:03:44.128Z [info]: get sms code ::::::  252419
2024-08-03T08:13:53.530Z [info]: Starting robot :)
2024-08-03T08:13:57.497Z [info]: Page launched :)
2024-08-03T08:13:58.746Z [info]: Filled form page 1 :) 
2024-08-03T08:14:06.260Z [info]: Go to page 2 :)
2024-08-03T08:14:10.876Z [info]: get sms code ::::::  252419
2024-08-03T08:14:12.668Z [info]: get sms code ::::::  252419
2024-08-03T08:14:14.472Z [info]: get sms code ::::::  252419
2024-08-03T08:14:22.800Z [info]: get sms code ::::::  691704
2024-08-05T06:15:06.316Z [info]: Starting robot :)
2024-08-05T06:15:09.154Z [info]: Page launched :)
2024-08-05T06:15:10.608Z [info]: Filled form page 1 :) 
2024-08-05T06:15:30.934Z [info]: Go to page 2 :)
2024-08-05T06:15:36.624Z [info]: No data found for the given phone number.
2024-08-05T06:15:38.829Z [info]: No data found for the given phone number.
2024-08-05T06:15:41.608Z [info]: get sms code ::::::  398500
2024-08-05T06:15:43.631Z [error]: error in fillFormPage2 ::::::  TimeoutError: Waiting for selector `#ctl00_ContentPlaceHolder1_ddlCity` failed: Waiting failed: 5000ms exceeded
2024-08-05T06:15:46.183Z [error]: error in fillFormPage2 ::::::  TimeoutError: Waiting for selector `#ctl00_ContentPlaceHolder1_ddlCity` failed: Waiting failed: 5000ms exceeded
2024-08-05T06:15:47.687Z [error]: error in fillFormPage2 ::::::  TargetCloseError: Waiting for selector `#ctl00_ContentPlaceHolder1_ddlCity` failed: Protocol error (Runtime.callFunctionOn): Target closed
2024-08-05T06:15:47.689Z [error]: error in fillFormPage2 ::::::  TargetCloseError: Waiting for selector `#ctl00_ContentPlaceHolder1_ddlCity` failed: Protocol error (Runtime.callFunctionOn): Target closed
2024-08-05T06:30:36.636Z [info]: Starting robot :)
2024-08-05T06:30:51.273Z [error]: Error in registerEjdevaj:::::::::::::::: TypeError: Cannot destructure property 'page' of '(intermediate value)' as it is null.
2024-08-08T11:41:09.430Z [info]: Starting robot :)
2024-08-08T11:41:13.344Z [error]: Error in registerEjdevaj:::::::::::::::: TypeError: Cannot destructure property 'page' of '(intermediate value)' as it is null.
2024-08-08T11:42:36.289Z [info]: Starting robot :)
2024-08-08T11:42:41.907Z [error]: Error in registerEjdevaj:::::::::::::::: TypeError: Cannot destructure property 'page' of '(intermediate value)' as it is null.
