2024-08-05T12:14:22.513Z [info]: Starting robot :)
2024-08-05T12:14:35.265Z [info]: Page launched :)
2024-08-05T12:14:38.521Z [info]: Filled form page 1 :) 
2024-08-05T12:14:40.336Z [info]: Go to page 2 :)
2024-08-05T12:14:45.102Z [info]: No data found for the given phone number.
2024-08-05T12:14:46.824Z [info]: No data found for the given phone number.
2024-08-05T12:14:48.559Z [info]: No data found for the given phone number.
2024-08-05T12:14:50.381Z [info]: No data found for the given phone number.
2024-08-05T12:14:51.500Z [error]: error in fillFormPage2 ::::::  TimeoutError: Waiting for selector `#ctl00_ContentPlaceHolder1_ddlCity` failed: Waiting failed: 5000ms exceeded
2024-08-05T12:14:52.363Z [info]: No data found for the given phone number.
2024-08-05T12:14:53.189Z [error]: error in fillFormPage2 ::::::  TimeoutError: Waiting for selector `#ctl00_ContentPlaceHolder1_ddlCity` failed: Waiting failed: 5000ms exceeded
2024-08-05T12:14:54.120Z [info]: No data found for the given phone number.
2024-08-05T12:14:54.796Z [error]: error in fillFormPage2 ::::::  TimeoutError: Waiting for selector `#ctl00_ContentPlaceHolder1_ddlCity` failed: Waiting failed: 5000ms exceeded
2024-08-05T12:14:56.012Z [info]: No data found for the given phone number.
2024-08-05T12:14:56.866Z [error]: error in fillFormPage2 ::::::  TimeoutError: Waiting for selector `#ctl00_ContentPlaceHolder1_ddlCity` failed: Waiting failed: 5000ms exceeded
2024-08-05T12:14:57.686Z [info]: No data found for the given phone number.
2024-08-05T12:14:58.758Z [error]: error in fillFormPage2 ::::::  TimeoutError: Waiting for selector `#ctl00_ContentPlaceHolder1_ddlCity` failed: Waiting failed: 5000ms exceeded
2024-08-05T12:14:59.540Z [info]: No data found for the given phone number.
2024-08-05T12:15:00.375Z [error]: error in fillFormPage2 ::::::  TimeoutError: Waiting for selector `#ctl00_ContentPlaceHolder1_ddlCity` failed: Waiting failed: 5000ms exceeded
2024-08-05T12:15:01.527Z [info]: No data found for the given phone number.
2024-08-05T12:15:02.210Z [error]: error in fillFormPage2 ::::::  TimeoutError: Waiting for selector `#ctl00_ContentPlaceHolder1_ddlCity` failed: Waiting failed: 5000ms exceeded
2024-08-05T12:15:03.176Z [info]: No data found for the given phone number.
2024-08-05T12:15:03.948Z [error]: error in fillFormPage2 ::::::  TimeoutError: Waiting for selector `#ctl00_ContentPlaceHolder1_ddlCity` failed: Waiting failed: 5000ms exceeded
2024-08-05T12:15:04.854Z [info]: No data found for the given phone number.
2024-08-05T12:15:06.100Z [error]: error in fillFormPage2 ::::::  TimeoutError: Waiting for selector `#ctl00_ContentPlaceHolder1_ddlCity` failed: Waiting failed: 5000ms exceeded
2024-08-05T12:15:06.601Z [info]: No data found for the given phone number.
2024-08-05T12:15:07.747Z [error]: error in fillFormPage2 ::::::  TimeoutError: Waiting for selector `#ctl00_ContentPlaceHolder1_ddlCity` failed: Waiting failed: 5000ms exceeded
2024-08-05T12:15:08.259Z [info]: No data found for the given phone number.
2024-08-05T12:15:09.595Z [error]: error in fillFormPage2 ::::::  TimeoutError: Waiting for selector `#ctl00_ContentPlaceHolder1_ddlCity` failed: Waiting failed: 5000ms exceeded
2024-08-05T12:15:10.137Z [info]: No data found for the given phone number.
2024-08-05T12:15:11.271Z [error]: error in fillFormPage2 ::::::  TimeoutError: Waiting for selector `#ctl00_ContentPlaceHolder1_ddlCity` failed: Waiting failed: 5000ms exceeded
2024-08-05T12:15:11.859Z [info]: No data found for the given phone number.
2024-08-05T12:15:13.021Z [error]: error in fillFormPage2 ::::::  TimeoutError: Waiting for selector `#ctl00_ContentPlaceHolder1_ddlCity` failed: Waiting failed: 5000ms exceeded
2024-08-05T12:15:13.470Z [info]: No data found for the given phone number.
2024-08-05T12:15:14.879Z [error]: error in fillFormPage2 ::::::  TimeoutError: Waiting for selector `#ctl00_ContentPlaceHolder1_ddlCity` failed: Waiting failed: 5000ms exceeded
2024-08-05T12:15:15.423Z [info]: No data found for the given phone number.
2024-08-05T12:15:16.599Z [error]: error in fillFormPage2 ::::::  TimeoutError: Waiting for selector `#ctl00_ContentPlaceHolder1_ddlCity` failed: Waiting failed: 5000ms exceeded
2024-08-05T12:15:17.278Z [info]: No data found for the given phone number.
2024-08-05T12:15:18.225Z [error]: error in fillFormPage2 ::::::  TimeoutError: Waiting for selector `#ctl00_ContentPlaceHolder1_ddlCity` failed: Waiting failed: 5000ms exceeded
2024-08-05T12:15:19.180Z [info]: No data found for the given phone number.
2024-08-05T12:15:19.932Z [error]: error in fillFormPage2 ::::::  TimeoutError: Waiting for selector `#ctl00_ContentPlaceHolder1_ddlCity` failed: Waiting failed: 5000ms exceeded
2024-08-05T12:15:20.841Z [info]: No data found for the given phone number.
2024-08-05T12:15:22.017Z [error]: error in fillFormPage2 ::::::  TimeoutError: Waiting for selector `#ctl00_ContentPlaceHolder1_ddlCity` failed: Waiting failed: 5000ms exceeded
2024-08-05T12:15:22.369Z [info]: No data found for the given phone number.
2024-08-05T12:15:23.865Z [info]: No data found for the given phone number.
2024-08-05T12:15:23.936Z [error]: error in fillFormPage2 ::::::  TimeoutError: Waiting for selector `#ctl00_ContentPlaceHolder1_ddlCity` failed: Waiting failed: 5000ms exceeded
2024-08-05T12:15:25.323Z [error]: error in fillFormPage2 ::::::  TimeoutError: Waiting for selector `#ctl00_ContentPlaceHolder1_ddlCity` failed: Waiting failed: 5000ms exceeded
2024-08-05T12:15:25.575Z [info]: No data found for the given phone number.
2024-08-05T12:15:27.103Z [error]: error in fillFormPage2 ::::::  TimeoutError: Waiting for selector `#ctl00_ContentPlaceHolder1_ddlCity` failed: Waiting failed: 5000ms exceeded
2024-08-05T12:15:27.238Z [info]: No data found for the given phone number.
2024-08-05T12:15:28.397Z [error]: error in fillFormPage2 ::::::  TimeoutError: Waiting for selector `#ctl00_ContentPlaceHolder1_ddlCity` failed: Waiting failed: 5000ms exceeded
2024-08-05T12:15:28.962Z [info]: No data found for the given phone number.
2024-08-05T12:15:29.943Z [error]: error in fillFormPage2 ::::::  TimeoutError: Waiting for selector `#ctl00_ContentPlaceHolder1_ddlCity` failed: Waiting failed: 5000ms exceeded
2024-08-05T12:15:31.210Z [info]: No data found for the given phone number.
2024-08-05T12:15:31.756Z [error]: error in fillFormPage2 ::::::  TimeoutError: Waiting for selector `#ctl00_ContentPlaceHolder1_ddlCity` failed: Waiting failed: 5000ms exceeded
2024-08-05T12:15:32.898Z [info]: No data found for the given phone number.
2024-08-05T12:15:33.267Z [error]: error in fillFormPage2 ::::::  TimeoutError: Waiting for selector `#ctl00_ContentPlaceHolder1_ddlCity` failed: Waiting failed: 5000ms exceeded
2024-08-05T12:15:34.638Z [info]: No data found for the given phone number.
2024-08-05T12:15:35.925Z [error]: error in fillFormPage2 ::::::  TimeoutError: Waiting for selector `#ctl00_ContentPlaceHolder1_ddlCity` failed: Waiting failed: 5000ms exceeded
2024-08-05T12:15:36.193Z [info]: No data found for the given phone number.
2024-08-05T12:15:37.455Z [error]: error in fillFormPage2 ::::::  TimeoutError: Waiting for selector `#ctl00_ContentPlaceHolder1_ddlCity` failed: Waiting failed: 5000ms exceeded
2024-08-05T12:15:38.125Z [info]: No data found for the given phone number.
2024-08-05T12:15:39.001Z [error]: error in fillFormPage2 ::::::  TimeoutError: Waiting for selector `#ctl00_ContentPlaceHolder1_ddlCity` failed: Waiting failed: 5000ms exceeded
2024-08-05T12:15:39.987Z [info]: No data found for the given phone number.
2024-08-05T12:15:40.742Z [error]: error in fillFormPage2 ::::::  TimeoutError: Waiting for selector `#ctl00_ContentPlaceHolder1_ddlCity` failed: Waiting failed: 5000ms exceeded
2024-08-05T12:15:41.565Z [info]: No data found for the given phone number.
2024-08-05T12:15:42.714Z [error]: error in fillFormPage2 ::::::  TimeoutError: Waiting for selector `#ctl00_ContentPlaceHolder1_ddlCity` failed: Waiting failed: 5000ms exceeded
2024-08-05T12:15:43.132Z [info]: No data found for the given phone number.
2024-08-05T12:15:44.325Z [error]: error in fillFormPage2 ::::::  TimeoutError: Waiting for selector `#ctl00_ContentPlaceHolder1_ddlCity` failed: Waiting failed: 5000ms exceeded
2024-08-05T12:15:44.750Z [info]: No data found for the given phone number.
2024-08-05T12:15:46.317Z [error]: error in fillFormPage2 ::::::  TimeoutError: Waiting for selector `#ctl00_ContentPlaceHolder1_ddlCity` failed: Waiting failed: 5000ms exceeded
2024-08-05T12:15:46.605Z [info]: No data found for the given phone number.
2024-08-05T12:15:47.705Z [error]: error in fillFormPage2 ::::::  TimeoutError: Waiting for selector `#ctl00_ContentPlaceHolder1_ddlCity` failed: Waiting failed: 5000ms exceeded
2024-08-05T12:15:48.180Z [info]: No data found for the given phone number.
2024-08-05T12:15:49.270Z [error]: error in fillFormPage2 ::::::  TimeoutError: Waiting for selector `#ctl00_ContentPlaceHolder1_ddlCity` failed: Waiting failed: 5000ms exceeded
2024-08-05T12:15:49.926Z [info]: No data found for the given phone number.
2024-08-05T12:15:51.329Z [error]: error in fillFormPage2 ::::::  TimeoutError: Waiting for selector `#ctl00_ContentPlaceHolder1_ddlCity` failed: Waiting failed: 5000ms exceeded
2024-08-05T12:15:51.488Z [info]: No data found for the given phone number.
2024-08-05T12:15:51.502Z [info]: Close Robot  :) 
2024-08-05T12:15:51.521Z [error]: error in fillFormPage2 ::::::  TargetCloseError: Waiting for selector `#ctl00_ContentPlaceHolder1_ddlCity` failed: Waiting for selector `#ctl00_ContentPlaceHolder1_ddlCity` failed: Waiting for selector `#ctl00_ContentPlaceHolder1_ddlCity` failed: Protocol error (Runtime.evaluate): Session closed. Most likely the page has been closed.
2024-08-05T12:15:51.528Z [error]: error in fillFormPage2 ::::::  TargetCloseError: Waiting for selector `#ctl00_ContentPlaceHolder1_ddlCity` failed: Waiting for selector `#ctl00_ContentPlaceHolder1_ddlCity` failed: Waiting for selector `#ctl00_ContentPlaceHolder1_ddlCity` failed: Protocol error (Runtime.evaluate): Session closed. Most likely the page has been closed.
2024-08-05T12:15:51.524Z [error]: error in fillFormPage2 ::::::  TargetCloseError: Waiting for selector `#ctl00_ContentPlaceHolder1_ddlCity` failed: Waiting for selector `#ctl00_ContentPlaceHolder1_ddlCity` failed: Waiting for selector `#ctl00_ContentPlaceHolder1_ddlCity` failed: Protocol error (Runtime.evaluate): Session closed. Most likely the page has been closed.
2024-08-05T14:13:50.253Z [info]: Starting robot :)
2024-08-05T14:13:54.466Z [info]: Page launched :)
2024-08-05T14:13:56.033Z [info]: Filled form page 1 :) 
2024-08-05T14:14:01.477Z [info]: Go to page 2 :)
2024-08-05T14:14:05.721Z [info]: No data found for the given phone number.
2024-08-05T14:14:07.475Z [info]: No data found for the given phone number.
2024-08-05T14:14:09.893Z [info]: No data found for the given phone number.
2024-08-05T14:14:11.952Z [error]: error in fillFormPage2 ::::::  TimeoutError: Waiting for selector `#ctl00_ContentPlaceHolder1_ddlCity` failed: Waiting failed: 5000ms exceeded
2024-08-05T14:14:12.157Z [info]: No data found for the given phone number.
2024-08-05T14:14:14.095Z [error]: error in fillFormPage2 ::::::  TimeoutError: Waiting for selector `#ctl00_ContentPlaceHolder1_ddlCity` failed: Waiting failed: 5000ms exceeded
2024-08-05T14:14:16.384Z [error]: error in fillFormPage2 ::::::  TimeoutError: Waiting for selector `#ctl00_ContentPlaceHolder1_ddlCity` failed: Waiting failed: 5000ms exceeded
2024-08-05T14:14:18.760Z [error]: error in fillFormPage2 ::::::  TimeoutError: Waiting for selector `#ctl00_ContentPlaceHolder1_ddlCity` failed: Waiting failed: 5000ms exceeded
2024-08-05T14:14:30.252Z [info]: No data found for the given phone number.
2024-08-05T14:18:17.039Z [info]: Starting robot :)
2024-08-05T14:18:21.757Z [info]: Page launched :)
2024-08-05T14:18:23.209Z [info]: Filled form page 1 :) 
2024-08-05T14:18:35.536Z [info]: Go to page 2 :)
2024-08-05T14:18:40.078Z [info]: No data found for the given phone number.
2024-08-05T14:18:42.159Z [info]: No data found for the given phone number.
2024-08-05T14:18:44.301Z [info]: No data found for the given phone number.
2024-08-05T14:18:46.447Z [error]: error in fillFormPage2 ::::::  TimeoutError: Waiting for selector `#ctl00_ContentPlaceHolder1_ddlCity` failed: Waiting failed: 5000ms exceeded
2024-08-05T14:18:46.473Z [info]: No data found for the given phone number.
2024-08-05T14:18:48.401Z [info]: No data found for the given phone number.
2024-08-05T14:18:48.694Z [error]: error in fillFormPage2 ::::::  TimeoutError: Waiting for selector `#ctl00_ContentPlaceHolder1_ddlCity` failed: Waiting failed: 5000ms exceeded
2024-08-05T14:18:50.598Z [error]: error in fillFormPage2 ::::::  TimeoutError: Waiting for selector `#ctl00_ContentPlaceHolder1_ddlCity` failed: Waiting failed: 5000ms exceeded
2024-08-05T14:18:50.733Z [info]: No data found for the given phone number.
2024-08-05T14:18:52.662Z [info]: No data found for the given phone number.
2024-08-05T14:18:52.680Z [error]: error in fillFormPage2 ::::::  TimeoutError: Waiting for selector `#ctl00_ContentPlaceHolder1_ddlCity` failed: Waiting failed: 5000ms exceeded
2024-08-05T14:18:55.091Z [error]: error in fillFormPage2 ::::::  TimeoutError: Waiting for selector `#ctl00_ContentPlaceHolder1_ddlCity` failed: Waiting failed: 5000ms exceeded
2024-08-05T14:18:55.701Z [info]: No data found for the given phone number.
2024-08-05T14:18:57.001Z [error]: error in fillFormPage2 ::::::  TimeoutError: Waiting for selector `#ctl00_ContentPlaceHolder1_ddlCity` failed: Waiting failed: 5000ms exceeded
2024-08-05T14:18:57.429Z [info]: No data found for the given phone number.
2024-08-05T14:19:00.243Z [error]: error in fillFormPage2 ::::::  TimeoutError: Waiting for selector `#ctl00_ContentPlaceHolder1_ddlCity` failed: Waiting failed: 5000ms exceeded
2024-08-05T14:19:01.176Z [info]: No data found for the given phone number.
2024-08-05T14:19:02.187Z [error]: error in fillFormPage2 ::::::  TimeoutError: Waiting for selector `#ctl00_ContentPlaceHolder1_ddlCity` failed: Waiting failed: 5000ms exceeded
2024-08-05T14:19:04.298Z [info]: No data found for the given phone number.
2024-08-05T14:19:05.682Z [error]: error in fillFormPage2 ::::::  TimeoutError: Waiting for selector `#ctl00_ContentPlaceHolder1_ddlCity` failed: Waiting failed: 5000ms exceeded
2024-08-05T14:19:07.647Z [error]: error in fillFormPage2 ::::::  TimeoutError: Waiting for selector `#ctl00_ContentPlaceHolder1_ddlCity` failed: Waiting failed: 5000ms exceeded
2024-08-05T14:19:11.505Z [error]: error in fillFormPage2 ::::::  TimeoutError: Waiting for selector `#ctl00_ContentPlaceHolder1_ddlCity` failed: Waiting failed: 5000ms exceeded
2024-08-05T14:19:49.566Z [info]: No data found for the given phone number.
2024-08-05T14:19:51.472Z [info]: No data found for the given phone number.
2024-08-05T14:19:53.519Z [info]: No data found for the given phone number.
2024-08-05T14:19:55.491Z [info]: No data found for the given phone number.
2024-08-05T14:19:56.229Z [error]: error in fillFormPage2 ::::::  TimeoutError: Waiting for selector `#ctl00_ContentPlaceHolder1_ddlCity` failed: Waiting failed: 5000ms exceeded
2024-08-05T14:19:57.807Z [error]: error in fillFormPage2 ::::::  TimeoutError: Waiting for selector `#ctl00_ContentPlaceHolder1_ddlCity` failed: Waiting failed: 5000ms exceeded
2024-08-05T14:19:57.951Z [info]: No data found for the given phone number.
2024-08-05T14:19:59.504Z [info]: No data found for the given phone number.
2024-08-05T14:20:00.035Z [error]: error in fillFormPage2 ::::::  TimeoutError: Waiting for selector `#ctl00_ContentPlaceHolder1_ddlCity` failed: Waiting failed: 5000ms exceeded
2024-08-05T14:20:01.873Z [info]: No data found for the given phone number.
2024-08-05T14:20:02.507Z [error]: error in fillFormPage2 ::::::  TimeoutError: Waiting for selector `#ctl00_ContentPlaceHolder1_ddlCity` failed: Waiting failed: 5000ms exceeded
2024-08-05T14:20:04.118Z [info]: No data found for the given phone number.
2024-08-05T14:20:04.313Z [error]: error in fillFormPage2 ::::::  TimeoutError: Waiting for selector `#ctl00_ContentPlaceHolder1_ddlCity` failed: Waiting failed: 5000ms exceeded
2024-08-05T14:20:05.620Z [info]: No data found for the given phone number.
2024-08-05T14:20:06.470Z [error]: error in fillFormPage2 ::::::  TimeoutError: Waiting for selector `#ctl00_ContentPlaceHolder1_ddlCity` failed: Waiting failed: 5000ms exceeded
2024-08-05T14:20:07.464Z [info]: No data found for the given phone number.
2024-08-05T14:20:08.727Z [error]: error in fillFormPage2 ::::::  TimeoutError: Waiting for selector `#ctl00_ContentPlaceHolder1_ddlCity` failed: Waiting failed: 5000ms exceeded
2024-08-05T14:20:09.595Z [info]: No data found for the given phone number.
2024-08-05T14:20:10.204Z [error]: error in fillFormPage2 ::::::  TimeoutError: Waiting for selector `#ctl00_ContentPlaceHolder1_ddlCity` failed: Waiting failed: 5000ms exceeded
2024-08-05T14:20:11.682Z [error]: error in fillFormPage2 ::::::  TimeoutError: Waiting for selector `#ctl00_ContentPlaceHolder1_ddlCity` failed: Waiting failed: 5000ms exceeded
2024-08-05T14:20:11.787Z [info]: No data found for the given phone number.
2024-08-05T14:20:13.917Z [info]: No data found for the given phone number.
2024-08-05T14:20:13.959Z [error]: error in fillFormPage2 ::::::  TimeoutError: Waiting for selector `#ctl00_ContentPlaceHolder1_ddlCity` failed: Waiting failed: 5000ms exceeded
2024-08-05T14:20:16.171Z [info]: No data found for the given phone number.
2024-08-05T14:20:16.194Z [error]: error in fillFormPage2 ::::::  TimeoutError: Waiting for selector `#ctl00_ContentPlaceHolder1_ddlCity` failed: Waiting failed: 5000ms exceeded
2024-08-05T14:20:18.291Z [info]: No data found for the given phone number.
2024-08-05T14:20:18.489Z [error]: error in fillFormPage2 ::::::  TimeoutError: Waiting for selector `#ctl00_ContentPlaceHolder1_ddlCity` failed: Waiting failed: 5000ms exceeded
2024-08-05T14:20:19.782Z [info]: No data found for the given phone number.
2024-08-05T14:20:20.787Z [error]: error in fillFormPage2 ::::::  TimeoutError: Waiting for selector `#ctl00_ContentPlaceHolder1_ddlCity` failed: Waiting failed: 5000ms exceeded
2024-08-05T14:20:22.576Z [info]: No data found for the given phone number.
2024-08-05T14:20:22.748Z [error]: error in fillFormPage2 ::::::  TimeoutError: Waiting for selector `#ctl00_ContentPlaceHolder1_ddlCity` failed: Waiting failed: 5000ms exceeded
2024-08-05T14:20:24.445Z [error]: error in fillFormPage2 ::::::  TimeoutError: Waiting for selector `#ctl00_ContentPlaceHolder1_ddlCity` failed: Waiting failed: 5000ms exceeded
2024-08-05T14:20:24.823Z [info]: No data found for the given phone number.
2024-08-05T14:20:27.062Z [info]: No data found for the given phone number.
2024-08-05T14:20:27.269Z [error]: error in fillFormPage2 ::::::  TimeoutError: Waiting for selector `#ctl00_ContentPlaceHolder1_ddlCity` failed: Waiting failed: 5000ms exceeded
2024-08-05T14:20:29.647Z [error]: error in fillFormPage2 ::::::  TimeoutError: Waiting for selector `#ctl00_ContentPlaceHolder1_ddlCity` failed: Waiting failed: 5000ms exceeded
2024-08-05T14:20:29.654Z [info]: No data found for the given phone number.
2024-08-05T14:20:31.734Z [error]: error in fillFormPage2 ::::::  TimeoutError: Waiting for selector `#ctl00_ContentPlaceHolder1_ddlCity` failed: Waiting failed: 5000ms exceeded
2024-08-05T14:20:32.208Z [info]: No data found for the given phone number.
2024-08-05T14:20:34.142Z [error]: error in fillFormPage2 ::::::  TimeoutError: Waiting for selector `#ctl00_ContentPlaceHolder1_ddlCity` failed: Waiting failed: 5000ms exceeded
2024-08-05T14:20:35.091Z [info]: No data found for the given phone number.
2024-08-05T14:20:36.856Z [error]: error in fillFormPage2 ::::::  TimeoutError: Waiting for selector `#ctl00_ContentPlaceHolder1_ddlCity` failed: Waiting failed: 5000ms exceeded
2024-08-05T14:20:37.819Z [info]: No data found for the given phone number.
2024-08-05T14:20:39.583Z [error]: error in fillFormPage2 ::::::  TimeoutError: Waiting for selector `#ctl00_ContentPlaceHolder1_ddlCity` failed: Waiting failed: 5000ms exceeded
2024-08-05T14:20:42.280Z [error]: error in fillFormPage2 ::::::  TimeoutError: Waiting for selector `#ctl00_ContentPlaceHolder1_ddlCity` failed: Waiting failed: 5000ms exceeded
2024-08-05T14:20:43.965Z [info]: No data found for the given phone number.
2024-08-05T14:20:45.049Z [error]: error in fillFormPage2 ::::::  TimeoutError: Waiting for selector `#ctl00_ContentPlaceHolder1_ddlCity` failed: Waiting failed: 5000ms exceeded
2024-08-05T14:20:46.844Z [info]: No data found for the given phone number.
2024-08-05T14:20:51.102Z [error]: error in fillFormPage2 ::::::  TimeoutError: Waiting for selector `#ctl00_ContentPlaceHolder1_ddlCity` failed: Waiting failed: 5000ms exceeded
2024-08-05T14:20:54.727Z [error]: error in fillFormPage2 ::::::  TimeoutError: Waiting for selector `#ctl00_ContentPlaceHolder1_ddlCity` failed: Waiting failed: 5000ms exceeded
2024-08-05T14:20:58.918Z [info]: No data found for the given phone number.
2024-08-05T14:21:03.752Z [info]: No data found for the given phone number.
2024-08-05T14:21:05.276Z [error]: error in fillFormPage2 ::::::  TimeoutError: Waiting for selector `#ctl00_ContentPlaceHolder1_ddlCity` failed: Waiting failed: 5000ms exceeded
2024-08-05T14:21:11.149Z [error]: error in fillFormPage2 ::::::  TimeoutError: Waiting for selector `#ctl00_ContentPlaceHolder1_ddlCity` failed: Waiting failed: 5000ms exceeded
2024-08-05T14:26:33.738Z [info]: Starting robot :)
2024-08-05T14:26:38.122Z [info]: Page launched :)
2024-08-05T14:26:40.620Z [info]: Filled form page 1 :) 
2024-08-05T14:26:40.693Z [info]: Go to page 2 :)
2024-08-05T14:26:45.567Z [info]: No data found for the given phone number.
2024-08-05T14:26:47.426Z [info]: No data found for the given phone number.
2024-08-05T14:26:49.370Z [info]: No data found for the given phone number.
2024-08-05T14:26:51.171Z [info]: No data found for the given phone number.
2024-08-05T14:26:51.898Z [error]: error in fillFormPage2 ::::::  TimeoutError: Waiting for selector `#ctl00_ContentPlaceHolder1_ddlCity` failed: Waiting failed: 5000ms exceeded
2024-08-05T14:26:52.925Z [info]: No data found for the given phone number.
2024-08-05T14:26:53.852Z [error]: error in fillFormPage2 ::::::  TimeoutError: Waiting for selector `#ctl00_ContentPlaceHolder1_ddlCity` failed: Waiting failed: 5000ms exceeded
2024-08-05T14:26:54.737Z [info]: No data found for the given phone number.
2024-08-05T14:26:55.734Z [error]: error in fillFormPage2 ::::::  TimeoutError: Waiting for selector `#ctl00_ContentPlaceHolder1_ddlCity` failed: Waiting failed: 5000ms exceeded
2024-08-05T14:26:56.620Z [info]: No data found for the given phone number.
2024-08-05T14:26:57.418Z [error]: error in fillFormPage2 ::::::  TimeoutError: Waiting for selector `#ctl00_ContentPlaceHolder1_ddlCity` failed: Waiting failed: 5000ms exceeded
2024-08-05T14:26:58.543Z [info]: No data found for the given phone number.
2024-08-05T14:26:59.250Z [error]: error in fillFormPage2 ::::::  TimeoutError: Waiting for selector `#ctl00_ContentPlaceHolder1_ddlCity` failed: Waiting failed: 5000ms exceeded
2024-08-05T14:27:00.980Z [info]: No data found for the given phone number.
2024-08-05T14:27:01.003Z [error]: error in fillFormPage2 ::::::  TimeoutError: Waiting for selector `#ctl00_ContentPlaceHolder1_ddlCity` failed: Waiting failed: 5000ms exceeded
2024-08-05T14:27:03.064Z [info]: No data found for the given phone number.
2024-08-05T14:27:03.074Z [error]: error in fillFormPage2 ::::::  TimeoutError: Waiting for selector `#ctl00_ContentPlaceHolder1_ddlCity` failed: Waiting failed: 5000ms exceeded
2024-08-05T14:27:04.814Z [error]: error in fillFormPage2 ::::::  TimeoutError: Waiting for selector `#ctl00_ContentPlaceHolder1_ddlCity` failed: Waiting failed: 5000ms exceeded
2024-08-05T14:27:05.045Z [info]: No data found for the given phone number.
2024-08-05T14:27:07.126Z [info]: No data found for the given phone number.
2024-08-05T14:27:07.582Z [error]: error in fillFormPage2 ::::::  TimeoutError: Waiting for selector `#ctl00_ContentPlaceHolder1_ddlCity` failed: Waiting failed: 5000ms exceeded
2024-08-05T14:27:09.108Z [info]: No data found for the given phone number.
2024-08-05T14:27:09.830Z [error]: error in fillFormPage2 ::::::  TimeoutError: Waiting for selector `#ctl00_ContentPlaceHolder1_ddlCity` failed: Waiting failed: 5000ms exceeded
2024-08-05T14:27:10.972Z [info]: No data found for the given phone number.
2024-08-05T14:27:11.733Z [error]: error in fillFormPage2 ::::::  TimeoutError: Waiting for selector `#ctl00_ContentPlaceHolder1_ddlCity` failed: Waiting failed: 5000ms exceeded
2024-08-05T14:27:12.764Z [info]: No data found for the given phone number.
2024-08-05T14:27:13.660Z [error]: error in fillFormPage2 ::::::  TimeoutError: Waiting for selector `#ctl00_ContentPlaceHolder1_ddlCity` failed: Waiting failed: 5000ms exceeded
2024-08-05T14:27:14.394Z [info]: No data found for the given phone number.
2024-08-05T14:27:15.575Z [error]: error in fillFormPage2 ::::::  TimeoutError: Waiting for selector `#ctl00_ContentPlaceHolder1_ddlCity` failed: Waiting failed: 5000ms exceeded
2024-08-05T14:27:16.786Z [info]: No data found for the given phone number.
2024-08-05T14:27:17.432Z [error]: error in fillFormPage2 ::::::  TimeoutError: Waiting for selector `#ctl00_ContentPlaceHolder1_ddlCity` failed: Waiting failed: 5000ms exceeded
2024-08-05T14:27:18.650Z [info]: No data found for the given phone number.
2024-08-05T14:27:19.131Z [error]: error in fillFormPage2 ::::::  TimeoutError: Waiting for selector `#ctl00_ContentPlaceHolder1_ddlCity` failed: Waiting failed: 5000ms exceeded
2024-08-05T14:27:20.618Z [info]: No data found for the given phone number.
2024-08-05T14:27:21.115Z [error]: error in fillFormPage2 ::::::  TimeoutError: Waiting for selector `#ctl00_ContentPlaceHolder1_ddlCity` failed: Waiting failed: 5000ms exceeded
2024-08-05T14:27:23.005Z [info]: No data found for the given phone number.
2024-08-05T14:27:23.265Z [error]: error in fillFormPage2 ::::::  TimeoutError: Waiting for selector `#ctl00_ContentPlaceHolder1_ddlCity` failed: Waiting failed: 5000ms exceeded
2024-08-05T14:27:24.777Z [info]: No data found for the given phone number.
2024-08-05T14:27:25.371Z [error]: error in fillFormPage2 ::::::  TimeoutError: Waiting for selector `#ctl00_ContentPlaceHolder1_ddlCity` failed: Waiting failed: 5000ms exceeded
2024-08-05T14:27:26.617Z [info]: No data found for the given phone number.
2024-08-05T14:27:27.090Z [error]: error in fillFormPage2 ::::::  TimeoutError: Waiting for selector `#ctl00_ContentPlaceHolder1_ddlCity` failed: Waiting failed: 5000ms exceeded
2024-08-05T14:27:28.339Z [info]: No data found for the given phone number.
2024-08-05T14:27:29.345Z [error]: error in fillFormPage2 ::::::  TimeoutError: Waiting for selector `#ctl00_ContentPlaceHolder1_ddlCity` failed: Waiting failed: 5000ms exceeded
2024-08-05T14:27:30.406Z [info]: No data found for the given phone number.
2024-08-05T14:27:31.378Z [error]: error in fillFormPage2 ::::::  TimeoutError: Waiting for selector `#ctl00_ContentPlaceHolder1_ddlCity` failed: Waiting failed: 5000ms exceeded
2024-08-05T14:27:32.088Z [info]: No data found for the given phone number.
2024-08-05T14:27:33.099Z [error]: error in fillFormPage2 ::::::  TimeoutError: Waiting for selector `#ctl00_ContentPlaceHolder1_ddlCity` failed: Waiting failed: 5000ms exceeded
2024-08-05T14:27:33.828Z [info]: No data found for the given phone number.
2024-08-05T14:27:34.790Z [error]: error in fillFormPage2 ::::::  TimeoutError: Waiting for selector `#ctl00_ContentPlaceHolder1_ddlCity` failed: Waiting failed: 5000ms exceeded
2024-08-05T14:27:35.532Z [info]: No data found for the given phone number.
2024-08-05T14:27:36.663Z [error]: error in fillFormPage2 ::::::  TimeoutError: Waiting for selector `#ctl00_ContentPlaceHolder1_ddlCity` failed: Waiting failed: 5000ms exceeded
2024-08-05T14:27:38.410Z [error]: error in fillFormPage2 ::::::  TimeoutError: Waiting for selector `#ctl00_ContentPlaceHolder1_ddlCity` failed: Waiting failed: 5000ms exceeded
2024-08-05T14:27:40.075Z [error]: error in fillFormPage2 ::::::  TimeoutError: Waiting for selector `#ctl00_ContentPlaceHolder1_ddlCity` failed: Waiting failed: 5000ms exceeded
2024-08-05T14:27:41.795Z [error]: error in fillFormPage2 ::::::  TimeoutError: Waiting for selector `#ctl00_ContentPlaceHolder1_ddlCity` failed: Waiting failed: 5000ms exceeded
2024-08-06T03:48:05.210Z [info]: Starting robot :)
2024-08-06T03:48:12.455Z [info]: Page launched :)
2024-08-06T03:48:53.083Z [info]: Filled form page 1 :) 
2024-08-06T03:48:53.109Z [info]: Go to page 2 :)
2024-08-06T03:48:57.895Z [info]: No data found for the given phone number.
2024-08-06T03:51:59.305Z [error]: error in fillFormPage2 ::::::  ProtocolError: Runtime.callFunctionOn timed out. Increase the 'protocolTimeout' setting in launch/connect calls for a higher timeout if needed.
