2024-08-05T14:48:47.191Z [info]: Starting robot :)
2024-08-05T14:48:50.175Z [info]: Page launched :)
2024-08-05T14:48:56.336Z [info]: Filled form page 1 :) 
2024-08-05T14:49:37.186Z [info]: Go to page 2 :)
2024-08-05T14:49:41.682Z [info]: No data found for the given phone number.
2024-08-05T14:49:44.590Z [info]: No data found for the given phone number.
2024-08-05T14:49:49.234Z [error]: error in fillFormPage2 ::::::  TimeoutError: Waiting for selector `#ctl00_ContentPlaceHolder1_ddlCity` failed: Waiting failed: 5000ms exceeded
2024-08-05T14:49:49.262Z [info]: No data found for the given phone number.
2024-08-05T14:49:52.315Z [info]: No data found for the given phone number.
2024-08-05T14:49:53.853Z [error]: error in fillFormPage2 ::::::  TimeoutError: Waiting for selector `#ctl00_ContentPlaceHolder1_ddlCity` failed: Waiting failed: 5000ms exceeded
2024-08-05T14:49:55.752Z [info]: No data found for the given phone number.
2024-08-05T14:49:56.947Z [error]: error in fillFormPage2 ::::::  TimeoutError: Waiting for selector `#ctl00_ContentPlaceHolder1_ddlCity` failed: Waiting failed: 5000ms exceeded
2024-08-05T14:50:00.021Z [info]: No data found for the given phone number.
2024-08-05T14:50:00.061Z [error]: error in fillFormPage2 ::::::  TimeoutError: Waiting for selector `#ctl00_ContentPlaceHolder1_ddlCity` failed: Waiting failed: 5000ms exceeded
2024-08-05T14:50:03.145Z [info]: No data found for the given phone number.
2024-08-05T14:50:04.213Z [error]: error in fillFormPage2 ::::::  TimeoutError: Waiting for selector `#ctl00_ContentPlaceHolder1_ddlCity` failed: Waiting failed: 5000ms exceeded
2024-08-05T14:50:06.211Z [info]: No data found for the given phone number.
2024-08-05T14:50:07.728Z [error]: error in fillFormPage2 ::::::  TimeoutError: Waiting for selector `#ctl00_ContentPlaceHolder1_ddlCity` failed: Waiting failed: 5000ms exceeded
2024-08-05T14:50:07.800Z [info]: No data found for the given phone number.
2024-08-05T14:50:10.279Z [info]: No data found for the given phone number.
2024-08-05T14:50:10.755Z [error]: error in fillFormPage2 ::::::  TimeoutError: Waiting for selector `#ctl00_ContentPlaceHolder1_ddlCity` failed: Waiting failed: 5000ms exceeded
2024-08-05T14:50:12.360Z [error]: error in fillFormPage2 ::::::  TimeoutError: Waiting for selector `#ctl00_ContentPlaceHolder1_ddlCity` failed: Waiting failed: 5000ms exceeded
2024-08-05T14:50:12.783Z [info]: No data found for the given phone number.
2024-08-05T14:50:14.890Z [error]: error in fillFormPage2 ::::::  TimeoutError: Waiting for selector `#ctl00_ContentPlaceHolder1_ddlCity` failed: Waiting failed: 5000ms exceeded
2024-08-05T14:50:16.508Z [info]: get sms code ::::::  315098
2024-08-05T14:50:17.386Z [error]: error in fillFormPage2 ::::::  TimeoutError: Waiting for selector `#ctl00_ContentPlaceHolder1_ddlCity` failed: Waiting failed: 5000ms exceeded
2024-08-05T14:50:21.125Z [error]: error in fillFormPage2 ::::::  TimeoutError: Waiting for selector `#ctl00_ContentPlaceHolder1_ddlCity` failed: Waiting failed: 5000ms exceeded
2024-08-05T14:50:24.140Z [error]: error in fillFormPage2 ::::::  ProtocolError: Protocol error (DOM.describeNode): Cannot find context with specified id
2024-08-05T14:50:26.163Z [error]: error in fillFormPage2 ::::::  TimeoutError: Waiting for selector `#ctl00_ContentPlaceHolder1_ddlCity` failed: Waiting failed: 5000ms exceeded
2024-08-05T14:50:30.968Z [error]: error in fillFormPage2 ::::::  TimeoutError: Waiting for selector `#ctl00_ContentPlaceHolder1_ddlCity` failed: Waiting failed: 5000ms exceeded
2024-08-05T14:50:35.296Z [error]: error in fillFormPage2 ::::::  TimeoutError: Waiting for selector `#ctl00_ContentPlaceHolder1_ddlCity` failed: Waiting failed: 5000ms exceeded
2024-08-05T14:50:39.463Z [error]: error in fillFormPage2 ::::::  TimeoutError: Waiting for selector `#ctl00_ContentPlaceHolder1_ddlCity` failed: Waiting failed: 5000ms exceeded
2024-08-05T14:50:42.298Z [error]: error in fillFormPage2 ::::::  TimeoutError: Waiting for selector `#ctl00_ContentPlaceHolder1_ddlCity` failed: Waiting failed: 5000ms exceeded
2024-08-05T14:50:43.791Z [info]: GO TO page 3 :) 
2024-08-07T14:48:33.565Z [info]: Starting robot :)
2024-08-07T14:48:37.927Z [info]: Page launched :)
2024-08-07T14:49:36.481Z [info]: Filled form page 1 :) 
2024-08-07T14:51:08.471Z [info]: Go to page 2 :)
2024-08-07T14:51:13.048Z [info]: get sms code ::::::  255887
2024-08-07T14:51:17.522Z [info]: get sms code ::::::  255887
2024-08-07T14:51:22.225Z [error]: error in fillFormPage2 ::::::  TimeoutError: Waiting for selector `#ctl00_ContentPlaceHolder1_ddlCity` failed: Waiting failed: 5000ms exceeded
2024-08-07T14:51:26.190Z [info]: get sms code ::::::  255887
2024-08-07T14:51:30.899Z [error]: error in fillFormPage2 ::::::  TimeoutError: Waiting for selector `#ctl00_ContentPlaceHolder1_ddlCity` failed: Waiting failed: 5000ms exceeded
2024-08-07T14:51:34.756Z [info]: get sms code ::::::  255887
2024-08-07T14:51:37.658Z [error]: error in fillFormPage2 ::::::  TimeoutError: Waiting for selector `#ctl00_ContentPlaceHolder1_ddlCity` failed: Waiting failed: 5000ms exceeded
2024-08-07T14:51:38.727Z [info]: get sms code ::::::  255887
2024-08-07T14:51:43.456Z [error]: error in fillFormPage2 ::::::  TimeoutError: Waiting for selector `#ctl00_ContentPlaceHolder1_ddlCity` failed: Waiting failed: 5000ms exceeded
2024-08-07T14:51:50.380Z [info]: get sms code ::::::  255887
2024-08-07T14:51:54.098Z [error]: error in fillFormPage2 ::::::  TimeoutError: Waiting for selector `#ctl00_ContentPlaceHolder1_ddlCity` failed: Waiting failed: 5000ms exceeded
2024-08-07T14:51:59.371Z [info]: get sms code ::::::  255887
2024-08-07T14:52:04.145Z [error]: error in fillFormPage2 ::::::  TimeoutError: Waiting for selector `#ctl00_ContentPlaceHolder1_ddlCity` failed: Waiting failed: 5000ms exceeded
2024-08-07T14:52:07.907Z [info]: get sms code ::::::  255887
2024-08-07T14:52:12.248Z [error]: error in fillFormPage2 ::::::  TimeoutError: Waiting for selector `#ctl00_ContentPlaceHolder1_ddlCity` failed: Waiting failed: 5000ms exceeded
2024-08-07T14:52:16.063Z [info]: get sms code ::::::  255887
2024-08-07T14:52:20.158Z [error]: error in fillFormPage2 ::::::  TimeoutError: Waiting for selector `#ctl00_ContentPlaceHolder1_ddlCity` failed: Waiting failed: 5000ms exceeded
2024-08-07T14:52:24.245Z [info]: get sms code ::::::  255887
2024-08-07T14:52:28.588Z [error]: error in fillFormPage2 ::::::  TimeoutError: Waiting for selector `#ctl00_ContentPlaceHolder1_ddlCity` failed: Waiting failed: 5000ms exceeded
2024-08-07T14:52:34.021Z [info]: get sms code ::::::  255887
2024-08-07T14:52:38.334Z [error]: error in fillFormPage2 ::::::  TimeoutError: Waiting for selector `#ctl00_ContentPlaceHolder1_ddlCity` failed: Waiting failed: 5000ms exceeded
2024-08-07T14:52:44.946Z [info]: get sms code ::::::  255887
2024-08-07T14:52:49.196Z [error]: error in fillFormPage2 ::::::  TimeoutError: Waiting for selector `#ctl00_ContentPlaceHolder1_ddlCity` failed: Waiting failed: 5000ms exceeded
2024-08-07T14:52:55.807Z [info]: get sms code ::::::  255887
2024-08-07T14:52:59.453Z [error]: error in fillFormPage2 ::::::  TimeoutError: Waiting for selector `#ctl00_ContentPlaceHolder1_ddlCity` failed: Waiting failed: 5000ms exceeded
2024-08-07T14:53:07.855Z [info]: get sms code ::::::  255887
2024-08-07T14:53:11.740Z [error]: error in fillFormPage2 ::::::  TimeoutError: Waiting for selector `#ctl00_ContentPlaceHolder1_ddlCity` failed: Waiting failed: 5000ms exceeded
2024-08-07T14:53:25.806Z [info]: get sms code ::::::  255887
2024-08-07T14:53:29.750Z [error]: error in fillFormPage2 ::::::  TimeoutError: Waiting for selector `#ctl00_ContentPlaceHolder1_ddlCity` failed: Waiting failed: 5000ms exceeded
2024-08-07T14:53:37.757Z [info]: get sms code ::::::  255887
2024-08-07T14:53:41.989Z [error]: error in fillFormPage2 ::::::  TimeoutError: Waiting for selector `#ctl00_ContentPlaceHolder1_ddlCity` failed: Waiting failed: 5000ms exceeded
2024-08-07T14:53:51.396Z [info]: get sms code ::::::  255887
2024-08-07T14:53:54.263Z [error]: error in fillFormPage2 ::::::  TimeoutError: Waiting for selector `#ctl00_ContentPlaceHolder1_ddlCity` failed: Waiting failed: 5000ms exceeded
2024-08-07T14:55:57.206Z [info]: get sms code ::::::  255887
2024-08-07T14:55:57.348Z [error]: error in fillFormPage2 ::::::  TargetCloseError: Waiting for selector `#ctl00_ContentPlaceHolder1_ddlCity` failed: Protocol error (Runtime.callFunctionOn): Target closed
2024-08-07T14:55:59.948Z [error]: error in fillFormPage2 ::::::  TargetCloseError: Protocol error (DOM.describeNode): Session closed. Most likely the page has been closed.
