2024-08-02T14:32:00.085Z [info]: Starting robot :)
2024-08-02T14:32:07.360Z [info]: Page launched :)
2024-08-02T14:32:09.132Z [info]: Filled form page 1 :) 
2024-08-05T14:57:07.920Z [info]: Starting robot :)
2024-08-05T14:57:16.537Z [info]: Page launched :)
2024-08-05T14:57:25.375Z [info]: Filled form page 1 :) 
2024-08-05T14:57:30.882Z [info]: Go to page 2 :)
2024-08-05T14:57:35.411Z [info]: No data found for the given phone number.
2024-08-05T14:57:40.303Z [info]: No data found for the given phone number.
2024-08-05T14:57:43.456Z [error]: error in fillFormPage2 ::::::  TimeoutError: Waiting for selector `#ctl00_ContentPlaceHolder1_ddlCity` failed: Waiting failed: 5000ms exceeded
2024-08-05T14:57:44.977Z [info]: get sms code ::::::  355023
2024-08-05T14:57:48.296Z [error]: error in fillFormPage2 ::::::  TimeoutError: Waiting for selector `#ctl00_ContentPlaceHolder1_ddlCity` failed: Waiting failed: 5000ms exceeded
2024-08-05T14:57:50.048Z [info]: GO TO page 3 :) 
2024-08-05T15:02:37.201Z [info]: Starting robot :)
2024-08-05T15:02:39.993Z [info]: Page launched :)
2024-08-05T15:02:41.546Z [info]: Filled form page 1 :) 
2024-08-05T15:02:41.970Z [info]: Go to page 2 :)
2024-08-05T15:02:46.755Z [info]: get sms code ::::::  355023
2024-08-05T15:02:48.873Z [info]: get sms code ::::::  355023
2024-08-05T15:02:50.809Z [info]: get sms code ::::::  355023
2024-08-05T15:02:53.621Z [error]: error in fillFormPage2 ::::::  TimeoutError: Waiting for selector `#ctl00_ContentPlaceHolder1_ddlCity` failed: Waiting failed: 5000ms exceeded
2024-08-05T15:02:55.045Z [info]: get sms code ::::::  355023
2024-08-05T15:02:55.423Z [error]: error in fillFormPage2 ::::::  TimeoutError: Waiting for selector `#ctl00_ContentPlaceHolder1_ddlCity` failed: Waiting failed: 5000ms exceeded
2024-08-05T15:02:56.752Z [info]: get sms code ::::::  355023
2024-08-05T15:02:57.240Z [error]: error in fillFormPage2 ::::::  TimeoutError: Waiting for selector `#ctl00_ContentPlaceHolder1_ddlCity` failed: Waiting failed: 5000ms exceeded
2024-08-05T15:02:58.327Z [info]: get sms code ::::::  355023
2024-08-05T15:02:59.956Z [info]: get sms code ::::::  355023
2024-08-05T15:03:01.555Z [error]: error in fillFormPage2 ::::::  TimeoutError: Waiting for selector `#ctl00_ContentPlaceHolder1_ddlCity` failed: Waiting failed: 5000ms exceeded
2024-08-05T15:03:01.630Z [info]: get sms code ::::::  355023
2024-08-05T15:03:03.116Z [error]: error in fillFormPage2 ::::::  TimeoutError: Waiting for selector `#ctl00_ContentPlaceHolder1_ddlCity` failed: Waiting failed: 5000ms exceeded
2024-08-05T15:03:03.278Z [info]: get sms code ::::::  355023
2024-08-05T15:03:04.546Z [error]: error in fillFormPage2 ::::::  TimeoutError: Waiting for selector `#ctl00_ContentPlaceHolder1_ddlCity` failed: Waiting failed: 5000ms exceeded
2024-08-05T15:03:04.842Z [info]: get sms code ::::::  355023
2024-08-05T15:03:06.234Z [error]: error in fillFormPage2 ::::::  TimeoutError: Waiting for selector `#ctl00_ContentPlaceHolder1_ddlCity` failed: Waiting failed: 5000ms exceeded
2024-08-05T15:03:06.692Z [info]: get sms code ::::::  355023
2024-08-05T15:03:07.890Z [error]: error in fillFormPage2 ::::::  TimeoutError: Waiting for selector `#ctl00_ContentPlaceHolder1_ddlCity` failed: Waiting failed: 5000ms exceeded
2024-08-05T15:03:08.711Z [info]: get sms code ::::::  355023
2024-08-05T15:03:09.489Z [error]: error in fillFormPage2 ::::::  TimeoutError: Waiting for selector `#ctl00_ContentPlaceHolder1_ddlCity` failed: Waiting failed: 5000ms exceeded
2024-08-05T15:03:10.628Z [info]: get sms code ::::::  355023
2024-08-05T15:03:11.292Z [error]: error in fillFormPage2 ::::::  TimeoutError: Waiting for selector `#ctl00_ContentPlaceHolder1_ddlCity` failed: Waiting failed: 5000ms exceeded
2024-08-05T15:03:12.359Z [info]: get sms code ::::::  355023
2024-08-05T15:03:13.469Z [error]: error in fillFormPage2 ::::::  TimeoutError: Waiting for selector `#ctl00_ContentPlaceHolder1_ddlCity` failed: Waiting failed: 5000ms exceeded
2024-08-05T15:03:13.960Z [info]: get sms code ::::::  355023
2024-08-05T15:03:15.247Z [error]: error in fillFormPage2 ::::::  TimeoutError: Waiting for selector `#ctl00_ContentPlaceHolder1_ddlCity` failed: Waiting failed: 5000ms exceeded
2024-08-05T15:03:15.618Z [info]: get sms code ::::::  355023
2024-08-05T15:03:16.935Z [error]: error in fillFormPage2 ::::::  TimeoutError: Waiting for selector `#ctl00_ContentPlaceHolder1_ddlCity` failed: Waiting failed: 5000ms exceeded
2024-08-05T15:03:17.231Z [info]: get sms code ::::::  355023
2024-08-05T15:03:18.596Z [error]: error in fillFormPage2 ::::::  TimeoutError: Waiting for selector `#ctl00_ContentPlaceHolder1_ddlCity` failed: Waiting failed: 5000ms exceeded
2024-08-05T15:03:19.194Z [info]: get sms code ::::::  355023
2024-08-05T15:03:20.236Z [error]: error in fillFormPage2 ::::::  TimeoutError: Waiting for selector `#ctl00_ContentPlaceHolder1_ddlCity` failed: Waiting failed: 5000ms exceeded
2024-08-05T15:03:21.124Z [info]: get sms code ::::::  355023
2024-08-05T15:03:21.860Z [error]: error in fillFormPage2 ::::::  TimeoutError: Waiting for selector `#ctl00_ContentPlaceHolder1_ddlCity` failed: Waiting failed: 5000ms exceeded
2024-08-05T15:03:23.488Z [error]: error in fillFormPage2 ::::::  TimeoutError: Waiting for selector `#ctl00_ContentPlaceHolder1_ddlCity` failed: Waiting failed: 5000ms exceeded
2024-08-05T15:03:25.676Z [error]: error in fillFormPage2 ::::::  TimeoutError: Waiting for selector `#ctl00_ContentPlaceHolder1_ddlCity` failed: Waiting failed: 5000ms exceeded
2024-08-05T15:03:27.426Z [error]: error in fillFormPage2 ::::::  TimeoutError: Waiting for selector `#ctl00_ContentPlaceHolder1_ddlCity` failed: Waiting failed: 5000ms exceeded
2024-08-05T15:03:29.933Z [info]: get sms code ::::::  355023
2024-08-05T15:03:31.712Z [info]: get sms code ::::::  355023
2024-08-05T15:03:33.434Z [info]: get sms code ::::::  355023
2024-08-05T15:03:35.303Z [info]: get sms code ::::::  355023
2024-08-05T15:03:36.270Z [error]: error in fillFormPage2 ::::::  TimeoutError: Waiting for selector `#ctl00_ContentPlaceHolder1_ddlCity` failed: Waiting failed: 5000ms exceeded
2024-08-05T15:03:37.541Z [info]: GO TO page 3 :) 
2024-08-05T15:03:37.541Z [info]: GO TO page 3 :) 
2024-08-05T15:03:37.550Z [info]: GO TO page 3 :) 
